<?xml version="1.0" encoding="UTF-8"?>
<coverage generated="1486928580649" clover="3.2.0">
  <project timestamp="1486928580649" name="All files">
    <metrics statements="282" coveredstatements="164" conditionals="79" coveredconditionals="34" methods="76" coveredmethods="32" elements="437" coveredelements="230" complexity="0" loc="282" ncloc="282" packages="14" files="22" classes="22">
      <package name="character.actions">
        <metrics statements="1" coveredstatements="1" conditionals="0" coveredconditionals="0" methods="1" coveredmethods="1"/>
        <file name="list.js" path="/Users/iinoyouhei/Documents/git/dotstamp_ansible/project/dotstamp_client/src/js/character/actions/list.js">
          <metrics statements="1" coveredstatements="1" conditionals="0" coveredconditionals="0" methods="1" coveredmethods="1"/>
          <line num="9" count="1" type="stmt"/>
        </file>
      </package>
      <package name="character.reducers">
        <metrics statements="22" coveredstatements="18" conditionals="11" coveredconditionals="5" methods="2" coveredmethods="2"/>
        <file name="list.js" path="/Users/iinoyouhei/Documents/git/dotstamp_ansible/project/dotstamp_client/src/js/character/reducers/list.js">
          <metrics statements="22" coveredstatements="18" conditionals="11" coveredconditionals="5" methods="2" coveredmethods="2"/>
          <line num="5" count="1" type="stmt"/>
          <line num="24" count="1" type="stmt"/>
          <line num="25" count="1" type="stmt"/>
          <line num="26" count="1" type="stmt"/>
          <line num="27" count="1" type="stmt"/>
          <line num="33" count="1" type="stmt"/>
          <line num="35" count="1" type="stmt"/>
          <line num="39" count="1" type="stmt"/>
          <line num="42" count="1" type="stmt"/>
          <line num="43" count="0" type="stmt"/>
          <line num="46" count="1" type="stmt"/>
          <line num="47" count="1" type="stmt"/>
          <line num="48" count="1" type="stmt"/>
          <line num="49" count="1" type="stmt"/>
          <line num="52" count="1" type="stmt"/>
          <line num="53" count="1" type="stmt"/>
          <line num="56" count="1" type="stmt"/>
          <line num="57" count="1" type="stmt"/>
          <line num="60" count="1" type="stmt"/>
          <line num="63" count="0" type="stmt"/>
          <line num="65" count="0" type="stmt"/>
          <line num="68" count="0" type="stmt"/>
        </file>
      </package>
      <package name="constants">
        <metrics statements="35" coveredstatements="35" conditionals="0" coveredconditionals="0" methods="0" coveredmethods="0"/>
        <file name="ActionTypes.js" path="/Users/iinoyouhei/Documents/git/dotstamp_ansible/project/dotstamp_client/src/js/constants/ActionTypes.js">
          <metrics statements="35" coveredstatements="35" conditionals="0" coveredconditionals="0" methods="0" coveredmethods="0"/>
          <line num="3" count="12" type="stmt"/>
          <line num="4" count="12" type="stmt"/>
          <line num="5" count="12" type="stmt"/>
          <line num="6" count="12" type="stmt"/>
          <line num="8" count="12" type="stmt"/>
          <line num="10" count="12" type="stmt"/>
          <line num="11" count="12" type="stmt"/>
          <line num="12" count="12" type="stmt"/>
          <line num="13" count="12" type="stmt"/>
          <line num="14" count="12" type="stmt"/>
          <line num="15" count="12" type="stmt"/>
          <line num="16" count="12" type="stmt"/>
          <line num="17" count="12" type="stmt"/>
          <line num="18" count="12" type="stmt"/>
          <line num="19" count="12" type="stmt"/>
          <line num="21" count="12" type="stmt"/>
          <line num="22" count="12" type="stmt"/>
          <line num="24" count="12" type="stmt"/>
          <line num="25" count="12" type="stmt"/>
          <line num="26" count="12" type="stmt"/>
          <line num="28" count="12" type="stmt"/>
          <line num="29" count="12" type="stmt"/>
          <line num="30" count="12" type="stmt"/>
          <line num="31" count="12" type="stmt"/>
          <line num="33" count="12" type="stmt"/>
          <line num="34" count="12" type="stmt"/>
          <line num="36" count="12" type="stmt"/>
          <line num="37" count="12" type="stmt"/>
          <line num="38" count="12" type="stmt"/>
          <line num="40" count="12" type="stmt"/>
          <line num="41" count="12" type="stmt"/>
          <line num="43" count="12" type="stmt"/>
          <line num="44" count="12" type="stmt"/>
          <line num="45" count="12" type="stmt"/>
          <line num="46" count="12" type="stmt"/>
        </file>
      </package>
      <package name="contribution.actions">
        <metrics statements="16" coveredstatements="12" conditionals="0" coveredconditionals="0" methods="12" coveredmethods="8"/>
        <file name="form.js" path="/Users/iinoyouhei/Documents/git/dotstamp_ansible/project/dotstamp_client/src/js/contribution/actions/form.js">
          <metrics statements="7" coveredstatements="6" conditionals="0" coveredconditionals="0" methods="7" coveredmethods="6"/>
          <line num="13" count="1" type="stmt"/>
          <line num="32" count="1" type="stmt"/>
          <line num="48" count="1" type="stmt"/>
          <line num="61" count="1" type="stmt"/>
          <line num="74" count="1" type="stmt"/>
          <line num="87" count="1" type="stmt"/>
          <line num="100" count="0" type="stmt"/>
        </file>
        <file name="list.js" path="/Users/iinoyouhei/Documents/git/dotstamp_ansible/project/dotstamp_client/src/js/contribution/actions/list.js">
          <metrics statements="2" coveredstatements="2" conditionals="0" coveredconditionals="0" methods="2" coveredmethods="2"/>
          <line num="9" count="1" type="stmt"/>
          <line num="19" count="1" type="stmt"/>
        </file>
        <file name="talk.js" path="/Users/iinoyouhei/Documents/git/dotstamp_ansible/project/dotstamp_client/src/js/contribution/actions/talk.js">
          <metrics statements="7" coveredstatements="4" conditionals="0" coveredconditionals="0" methods="3" coveredmethods="0"/>
          <line num="4" count="2" type="stmt"/>
          <line num="6" count="2" type="stmt"/>
          <line num="9" count="2" type="stmt"/>
          <line num="11" count="2" type="stmt"/>
          <line num="24" count="0" type="stmt"/>
          <line num="41" count="0" type="stmt"/>
          <line num="54" count="0" type="stmt"/>
        </file>
      </package>
      <package name="contribution.components">
        <metrics statements="38" coveredstatements="31" conditionals="14" coveredconditionals="8" methods="13" coveredmethods="9"/>
        <file name="list.js" path="/Users/iinoyouhei/Documents/git/dotstamp_ansible/project/dotstamp_client/src/js/contribution/components/list.js">
          <metrics statements="38" coveredstatements="31" conditionals="14" coveredconditionals="8" methods="13" coveredmethods="9"/>
          <line num="13" count="1" type="stmt"/>
          <line num="17" count="1" type="stmt"/>
          <line num="25" count="1" type="stmt"/>
          <line num="29" count="1" type="stmt"/>
          <line num="36" count="0" type="stmt"/>
          <line num="45" count="1" type="stmt"/>
          <line num="54" count="1" type="stmt"/>
          <line num="55" count="0" type="stmt"/>
          <line num="56" count="0" type="stmt"/>
          <line num="64" count="0" type="stmt"/>
          <line num="71" count="1" type="stmt"/>
          <line num="74" count="1" type="stmt"/>
          <line num="87" count="1" type="stmt"/>
          <line num="122" count="2" type="stmt"/>
          <line num="123" count="1" type="stmt"/>
          <line num="127" count="1" type="stmt"/>
          <line num="130" count="1" type="stmt"/>
          <line num="143" count="1" type="stmt"/>
          <line num="144" count="1" type="stmt"/>
          <line num="145" count="0" type="stmt"/>
          <line num="148" count="1" type="stmt"/>
          <line num="149" count="1" type="stmt"/>
          <line num="150" count="1" type="stmt"/>
          <line num="153" count="1" type="stmt"/>
          <line num="154" count="1" type="stmt"/>
          <line num="155" count="1" type="stmt"/>
          <line num="156" count="1" type="stmt"/>
          <line num="157" count="1" type="stmt"/>
          <line num="158" count="1" type="stmt"/>
          <line num="162" count="1" type="stmt"/>
          <line num="163" count="0" type="stmt"/>
          <line num="164" count="0" type="stmt"/>
          <line num="169" count="1" type="stmt"/>
          <line num="176" count="1" type="stmt"/>
          <line num="177" count="1" type="stmt"/>
          <line num="178" count="1" type="stmt"/>
          <line num="181" count="1" type="stmt"/>
          <line num="208" count="1" type="stmt"/>
        </file>
      </package>
      <package name="contribution.components.show">
        <metrics statements="9" coveredstatements="1" conditionals="4" coveredconditionals="0" methods="2" coveredmethods="0"/>
        <file name="frame.js" path="/Users/iinoyouhei/Documents/git/dotstamp_ansible/project/dotstamp_client/src/js/contribution/components/show/frame.js">
          <metrics statements="9" coveredstatements="1" conditionals="4" coveredconditionals="0" methods="2" coveredmethods="0"/>
          <line num="14" count="0" type="stmt"/>
          <line num="15" count="0" type="stmt"/>
          <line num="16" count="0" type="stmt"/>
          <line num="19" count="0" type="stmt"/>
          <line num="20" count="0" type="stmt"/>
          <line num="21" count="0" type="stmt"/>
          <line num="24" count="0" type="stmt"/>
          <line num="41" count="0" type="stmt"/>
          <line num="48" count="1" type="stmt"/>
        </file>
      </package>
      <package name="contribution.components.talk">
        <metrics statements="22" coveredstatements="1" conditionals="6" coveredconditionals="0" methods="11" coveredmethods="0"/>
        <file name="main.js" path="/Users/iinoyouhei/Documents/git/dotstamp_ansible/project/dotstamp_client/src/js/contribution/components/talk/main.js">
          <metrics statements="22" coveredstatements="1" conditionals="6" coveredconditionals="0" methods="11" coveredmethods="0"/>
          <line num="19" count="0" type="stmt"/>
          <line num="21" count="0" type="stmt"/>
          <line num="23" count="0" type="stmt"/>
          <line num="46" count="0" type="stmt"/>
          <line num="60" count="0" type="stmt"/>
          <line num="61" count="0" type="stmt"/>
          <line num="63" count="0" type="stmt"/>
          <line num="66" count="0" type="stmt"/>
          <line num="75" count="0" type="stmt"/>
          <line num="76" count="0" type="stmt"/>
          <line num="79" count="0" type="stmt"/>
          <line num="82" count="0" type="stmt"/>
          <line num="85" count="0" type="stmt"/>
          <line num="99" count="0" type="stmt"/>
          <line num="100" count="0" type="stmt"/>
          <line num="101" count="0" type="stmt"/>
          <line num="102" count="0" type="stmt"/>
          <line num="104" count="0" type="stmt"/>
          <line num="115" count="0" type="stmt"/>
          <line num="123" count="0" type="stmt"/>
          <line num="131" count="0" type="stmt"/>
          <line num="139" count="1" type="stmt"/>
        </file>
      </package>
      <package name="contribution.containers.talk">
        <metrics statements="4" coveredstatements="0" conditionals="0" coveredconditionals="0" methods="4" coveredmethods="0"/>
        <file name="main.js" path="/Users/iinoyouhei/Documents/git/dotstamp_ansible/project/dotstamp_client/src/js/contribution/containers/talk/main.js">
          <metrics statements="4" coveredstatements="0" conditionals="0" coveredconditionals="0" methods="4" coveredmethods="0"/>
          <line num="6" count="0" type="stmt"/>
          <line num="10" count="0" type="stmt"/>
          <line num="12" count="0" type="stmt"/>
          <line num="15" count="0" type="stmt"/>
        </file>
      </package>
      <package name="contribution.reducers">
        <metrics statements="66" coveredstatements="31" conditionals="30" coveredconditionals="11" methods="3" coveredmethods="3"/>
        <file name="edit.js" path="/Users/iinoyouhei/Documents/git/dotstamp_ansible/project/dotstamp_client/src/js/contribution/reducers/edit.js">
          <metrics statements="8" coveredstatements="7" conditionals="3" coveredconditionals="2" methods="1" coveredmethods="1"/>
          <line num="4" count="1" type="stmt"/>
          <line num="12" count="1" type="stmt"/>
          <line num="14" count="1" type="stmt"/>
          <line num="15" count="1" type="stmt"/>
          <line num="16" count="1" type="stmt"/>
          <line num="17" count="1" type="stmt"/>
          <line num="19" count="1" type="stmt"/>
          <line num="21" count="0" type="stmt"/>
        </file>
        <file name="form.js" path="/Users/iinoyouhei/Documents/git/dotstamp_ansible/project/dotstamp_client/src/js/contribution/reducers/form.js">
          <metrics statements="40" coveredstatements="9" conditionals="17" coveredconditionals="3" methods="1" coveredmethods="1"/>
          <line num="5" count="1" type="stmt"/>
          <line num="20" count="1" type="stmt"/>
          <line num="25" count="1" type="stmt"/>
          <line num="26" count="0" type="stmt"/>
          <line num="27" count="0" type="stmt"/>
          <line num="29" count="1" type="stmt"/>
          <line num="32" count="1" type="stmt"/>
          <line num="34" count="1" type="stmt"/>
          <line num="35" count="1" type="stmt"/>
          <line num="36" count="1" type="stmt"/>
          <line num="38" count="1" type="stmt"/>
          <line num="41" count="0" type="stmt"/>
          <line num="43" count="0" type="stmt"/>
          <line num="46" count="0" type="stmt"/>
          <line num="47" count="0" type="stmt"/>
          <line num="50" count="0" type="stmt"/>
          <line num="53" count="0" type="stmt"/>
          <line num="55" count="0" type="stmt"/>
          <line num="58" count="0" type="stmt"/>
          <line num="59" count="0" type="stmt"/>
          <line num="60" count="0" type="stmt"/>
          <line num="62" count="0" type="stmt"/>
          <line num="65" count="0" type="stmt"/>
          <line num="67" count="0" type="stmt"/>
          <line num="70" count="0" type="stmt"/>
          <line num="72" count="0" type="stmt"/>
          <line num="75" count="0" type="stmt"/>
          <line num="76" count="0" type="stmt"/>
          <line num="77" count="0" type="stmt"/>
          <line num="78" count="0" type="stmt"/>
          <line num="79" count="0" type="stmt"/>
          <line num="81" count="0" type="stmt"/>
          <line num="84" count="0" type="stmt"/>
          <line num="85" count="0" type="stmt"/>
          <line num="87" count="0" type="stmt"/>
          <line num="90" count="0" type="stmt"/>
          <line num="92" count="0" type="stmt"/>
          <line num="95" count="0" type="stmt"/>
          <line num="96" count="0" type="stmt"/>
          <line num="99" count="0" type="stmt"/>
        </file>
        <file name="list.js" path="/Users/iinoyouhei/Documents/git/dotstamp_ansible/project/dotstamp_client/src/js/contribution/reducers/list.js">
          <metrics statements="18" coveredstatements="15" conditionals="10" coveredconditionals="6" methods="1" coveredmethods="1"/>
          <line num="4" count="1" type="stmt"/>
          <line num="13" count="3" type="stmt"/>
          <line num="15" count="1" type="stmt"/>
          <line num="17" count="1" type="stmt"/>
          <line num="19" count="1" type="stmt"/>
          <line num="20" count="1" type="stmt"/>
          <line num="21" count="1" type="stmt"/>
          <line num="23" count="1" type="stmt"/>
          <line num="25" count="1" type="stmt"/>
          <line num="28" count="0" type="stmt"/>
          <line num="30" count="0" type="stmt"/>
          <line num="33" count="1" type="stmt"/>
          <line num="34" count="1" type="stmt"/>
          <line num="40" count="1" type="stmt"/>
          <line num="43" count="1" type="stmt"/>
          <line num="44" count="1" type="stmt"/>
          <line num="47" count="1" type="stmt"/>
          <line num="50" count="0" type="stmt"/>
        </file>
      </package>
      <package name="user.actions">
        <metrics statements="2" coveredstatements="2" conditionals="0" coveredconditionals="0" methods="2" coveredmethods="2"/>
        <file name="contributionList.js" path="/Users/iinoyouhei/Documents/git/dotstamp_ansible/project/dotstamp_client/src/js/user/actions/contributionList.js">
          <metrics statements="1" coveredstatements="1" conditionals="0" coveredconditionals="0" methods="1" coveredmethods="1"/>
          <line num="10" count="1" type="stmt"/>
        </file>
        <file name="mypage.js" path="/Users/iinoyouhei/Documents/git/dotstamp_ansible/project/dotstamp_client/src/js/user/actions/mypage.js">
          <metrics statements="1" coveredstatements="1" conditionals="0" coveredconditionals="0" methods="1" coveredmethods="1"/>
          <line num="10" count="1" type="stmt"/>
        </file>
      </package>
      <package name="user.components">
        <metrics statements="10" coveredstatements="4" conditionals="0" coveredconditionals="0" methods="6" coveredmethods="3"/>
        <file name="mypage.js" path="/Users/iinoyouhei/Documents/git/dotstamp_ansible/project/dotstamp_client/src/js/user/components/mypage.js">
          <metrics statements="10" coveredstatements="4" conditionals="0" coveredconditionals="0" methods="6" coveredmethods="3"/>
          <line num="10" count="1" type="stmt"/>
          <line num="14" count="1" type="stmt"/>
          <line num="22" count="0" type="stmt"/>
          <line num="23" count="0" type="stmt"/>
          <line num="31" count="0" type="stmt"/>
          <line num="32" count="0" type="stmt"/>
          <line num="34" count="0" type="stmt"/>
          <line num="40" count="0" type="stmt"/>
          <line num="48" count="1" type="stmt"/>
          <line num="121" count="1" type="stmt"/>
        </file>
      </package>
      <package name="user.reducers">
        <metrics statements="15" coveredstatements="11" conditionals="12" coveredconditionals="8" methods="2" coveredmethods="2"/>
        <file name="contributionList.js" path="/Users/iinoyouhei/Documents/git/dotstamp_ansible/project/dotstamp_client/src/js/user/reducers/contributionList.js">
          <metrics statements="9" coveredstatements="6" conditionals="8" coveredconditionals="5" methods="1" coveredmethods="1"/>
          <line num="4" count="1" type="stmt"/>
          <line num="10" count="1" type="stmt"/>
          <line num="12" count="1" type="stmt"/>
          <line num="13" count="1" type="stmt"/>
          <line num="14" count="1" type="stmt"/>
          <line num="17" count="1" type="stmt"/>
          <line num="20" count="0" type="stmt"/>
          <line num="22" count="0" type="stmt"/>
          <line num="25" count="0" type="stmt"/>
        </file>
        <file name="mypage.js" path="/Users/iinoyouhei/Documents/git/dotstamp_ansible/project/dotstamp_client/src/js/user/reducers/mypage.js">
          <metrics statements="6" coveredstatements="5" conditionals="4" coveredconditionals="3" methods="1" coveredmethods="1"/>
          <line num="4" count="1" type="stmt"/>
          <line num="14" count="2" type="stmt"/>
          <line num="16" count="1" type="stmt"/>
          <line num="22" count="1" type="stmt"/>
          <line num="24" count="1" type="stmt"/>
          <line num="27" count="0" type="stmt"/>
        </file>
      </package>
      <package name="utils">
        <metrics statements="29" coveredstatements="9" conditionals="0" coveredconditionals="0" methods="12" coveredmethods="0"/>
        <file name="image.js" path="/Users/iinoyouhei/Documents/git/dotstamp_ansible/project/dotstamp_client/src/js/utils/image.js">
          <metrics statements="29" coveredstatements="9" conditionals="0" coveredconditionals="0" methods="12" coveredmethods="0"/>
          <line num="14" count="4" type="stmt"/>
          <line num="15" count="4" type="stmt"/>
          <line num="16" count="4" type="stmt"/>
          <line num="17" count="4" type="stmt"/>
          <line num="18" count="4" type="stmt"/>
          <line num="19" count="4" type="stmt"/>
          <line num="20" count="4" type="stmt"/>
          <line num="26" count="0" type="stmt"/>
          <line num="28" count="0" type="stmt"/>
          <line num="30" count="0" type="stmt"/>
          <line num="36" count="0" type="stmt"/>
          <line num="38" count="0" type="stmt"/>
          <line num="44" count="0" type="stmt"/>
          <line num="46" count="0" type="stmt"/>
          <line num="54" count="0" type="stmt"/>
          <line num="56" count="0" type="stmt"/>
          <line num="62" count="0" type="stmt"/>
          <line num="64" count="0" type="stmt"/>
          <line num="72" count="0" type="stmt"/>
          <line num="74" count="0" type="stmt"/>
          <line num="80" count="0" type="stmt"/>
          <line num="82" count="0" type="stmt"/>
          <line num="97" count="0" type="stmt"/>
          <line num="106" count="0" type="stmt"/>
          <line num="114" count="0" type="stmt"/>
          <line num="116" count="0" type="stmt"/>
          <line num="126" count="0" type="stmt"/>
          <line num="132" count="4" type="stmt"/>
          <line num="138" count="4" type="stmt"/>
        </file>
      </package>
      <package name="utils.parts">
        <metrics statements="13" coveredstatements="8" conditionals="2" coveredconditionals="2" methods="6" coveredmethods="2"/>
        <file name="footer.js" path="/Users/iinoyouhei/Documents/git/dotstamp_ansible/project/dotstamp_client/src/js/utils/parts/footer.js">
          <metrics statements="1" coveredstatements="0" conditionals="0" coveredconditionals="0" methods="1" coveredmethods="0"/>
          <line num="13" count="0" type="stmt"/>
        </file>
        <file name="icon.js" path="/Users/iinoyouhei/Documents/git/dotstamp_ansible/project/dotstamp_client/src/js/utils/parts/icon.js">
          <metrics statements="7" coveredstatements="7" conditionals="2" coveredconditionals="2" methods="2" coveredmethods="2"/>
          <line num="4" count="2" type="stmt"/>
          <line num="13" count="2" type="stmt"/>
          <line num="14" count="1" type="stmt"/>
          <line num="19" count="1" type="stmt"/>
          <line num="21" count="1" type="stmt"/>
          <line num="31" count="2" type="stmt"/>
          <line num="39" count="2" type="stmt"/>
        </file>
        <file name="tag.js" path="/Users/iinoyouhei/Documents/git/dotstamp_ansible/project/dotstamp_client/src/js/utils/parts/tag.js">
          <metrics statements="5" coveredstatements="1" conditionals="0" coveredconditionals="0" methods="3" coveredmethods="0"/>
          <line num="9" count="0" type="stmt"/>
          <line num="21" count="0" type="stmt"/>
          <line num="22" count="0" type="stmt"/>
          <line num="25" count="0" type="stmt"/>
          <line num="34" count="1" type="stmt"/>
        </file>
      </package>
    </metrics>
  </project>
</coverage>
