{"/Users/iinoyouhei/Documents/git/dotstamp_ansible/project/dotstamp_client/src/js/character/actions/list.js": {"path":"/Users/iinoyouhei/Documents/git/dotstamp_ansible/project/dotstamp_client/src/js/character/actions/list.js","statementMap":{"0":{"start":{"line":9,"column":4},"end":{"line":12,"column":5}}},"fnMap":{"0":{"name":"setIcon","decl":{"start":{"line":8,"column":16},"end":{"line":8,"column":23}},"loc":{"start":{"line":8,"column":28},"end":{"line":13,"column":1}}}},"branchMap":{},"s":{"0":1},"f":{"0":1},"b":{},"_coverageSchema":"332fd63041d2c1bcb487cc26dd0d5f7d97098a6c","hash":"78c1c766b1d6d01d9cfdefe656d147835e301ef9"}
,"/Users/iinoyouhei/Documents/git/dotstamp_ansible/project/dotstamp_client/src/js/character/reducers/list.js": {"path":"/Users/iinoyouhei/Documents/git/dotstamp_ansible/project/dotstamp_client/src/js/character/reducers/list.js","statementMap":{"0":{"start":{"line":5,"column":21},"end":{"line":14,"column":1}},"1":{"start":{"line":24,"column":16},"end":{"line":24,"column":17}},"2":{"start":{"line":25,"column":4},"end":{"line":34,"column":5}},"3":{"start":{"line":26,"column":8},"end":{"line":32,"column":9}},"4":{"start":{"line":27,"column":12},"end":{"line":31,"column":13}},"5":{"start":{"line":33,"column":8},"end":{"line":33,"column":15}},"6":{"start":{"line":35,"column":4},"end":{"line":35,"column":16}},"7":{"start":{"line":39,"column":4},"end":{"line":69,"column":5}},"8":{"start":{"line":42,"column":8},"end":{"line":44,"column":9}},"9":{"start":{"line":43,"column":12},"end":{"line":43,"column":38}},"10":{"start":{"line":46,"column":18},"end":{"line":46,"column":20}},"11":{"start":{"line":47,"column":8},"end":{"line":50,"column":9}},"12":{"start":{"line":48,"column":12},"end":{"line":48,"column":62}},"13":{"start":{"line":49,"column":12},"end":{"line":49,"column":27}},"14":{"start":{"line":52,"column":8},"end":{"line":52,"column":24}},"15":{"start":{"line":53,"column":8},"end":{"line":53,"column":25}},"16":{"start":{"line":56,"column":8},"end":{"line":58,"column":9}},"17":{"start":{"line":57,"column":12},"end":{"line":57,"column":74}},"18":{"start":{"line":60,"column":8},"end":{"line":60,"column":48}},"19":{"start":{"line":63,"column":8},"end":{"line":63,"column":54}},"20":{"start":{"line":65,"column":8},"end":{"line":65,"column":48}},"21":{"start":{"line":68,"column":8},"end":{"line":68,"column":20}}},"fnMap":{"0":{"name":"getSelectIconState","decl":{"start":{"line":23,"column":9},"end":{"line":23,"column":27}},"loc":{"start":{"line":23,"column":39},"end":{"line":36,"column":1}}},"1":{"name":"List","decl":{"start":{"line":38,"column":24},"end":{"line":38,"column":28}},"loc":{"start":{"line":38,"column":61},"end":{"line":70,"column":1}}}},"branchMap":{"0":{"loc":{"start":{"line":26,"column":8},"end":{"line":32,"column":9}},"type":"if","locations":[{"start":{"line":26,"column":8},"end":{"line":32,"column":9}},{"start":{"line":26,"column":8},"end":{"line":32,"column":9}}]},"1":{"loc":{"start":{"line":38,"column":30},"end":{"line":38,"column":50}},"type":"default-arg","locations":[{"start":{"line":38,"column":38},"end":{"line":38,"column":50}}]},"2":{"loc":{"start":{"line":39,"column":4},"end":{"line":69,"column":5}},"type":"switch","locations":[{"start":{"line":40,"column":4},"end":{"line":40,"column":37}},{"start":{"line":41,"column":4},"end":{"line":61,"column":5}},{"start":{"line":62,"column":4},"end":{"line":66,"column":5}},{"start":{"line":67,"column":4},"end":{"line":68,"column":20}}]},"3":{"loc":{"start":{"line":42,"column":8},"end":{"line":44,"column":9}},"type":"if","locations":[{"start":{"line":42,"column":8},"end":{"line":44,"column":9}},{"start":{"line":42,"column":8},"end":{"line":44,"column":9}}]},"4":{"loc":{"start":{"line":56,"column":8},"end":{"line":58,"column":9}},"type":"if","locations":[{"start":{"line":56,"column":8},"end":{"line":58,"column":9}},{"start":{"line":56,"column":8},"end":{"line":58,"column":9}}]}},"s":{"0":1,"1":1,"2":1,"3":1,"4":1,"5":1,"6":1,"7":1,"8":1,"9":0,"10":1,"11":1,"12":1,"13":1,"14":1,"15":1,"16":1,"17":1,"18":1,"19":0,"20":0,"21":0},"f":{"0":1,"1":1},"b":{"0":[1,0],"1":[1],"2":[0,1,0,0],"3":[0,1],"4":[1,0]},"_coverageSchema":"332fd63041d2c1bcb487cc26dd0d5f7d97098a6c","hash":"0d78c22301adcc59c52a890b455fe98abdfe1d19"}
,"/Users/iinoyouhei/Documents/git/dotstamp_ansible/project/dotstamp_client/src/js/constants/ActionTypes.js": {"path":"/Users/iinoyouhei/Documents/git/dotstamp_ansible/project/dotstamp_client/src/js/constants/ActionTypes.js","statementMap":{"0":{"start":{"line":3,"column":37},"end":{"line":3,"column":60}},"1":{"start":{"line":4,"column":42},"end":{"line":4,"column":70}},"2":{"start":{"line":5,"column":42},"end":{"line":5,"column":70}},"3":{"start":{"line":6,"column":45},"end":{"line":6,"column":76}},"4":{"start":{"line":8,"column":37},"end":{"line":8,"column":60}},"5":{"start":{"line":10,"column":42},"end":{"line":10,"column":70}},"6":{"start":{"line":11,"column":43},"end":{"line":11,"column":72}},"7":{"start":{"line":12,"column":50},"end":{"line":12,"column":86}},"8":{"start":{"line":13,"column":45},"end":{"line":13,"column":76}},"9":{"start":{"line":14,"column":46},"end":{"line":14,"column":78}},"10":{"start":{"line":15,"column":44},"end":{"line":15,"column":74}},"11":{"start":{"line":16,"column":47},"end":{"line":16,"column":80}},"12":{"start":{"line":17,"column":37},"end":{"line":17,"column":60}},"13":{"start":{"line":18,"column":38},"end":{"line":18,"column":62}},"14":{"start":{"line":19,"column":40},"end":{"line":19,"column":66}},"15":{"start":{"line":21,"column":37},"end":{"line":21,"column":60}},"16":{"start":{"line":22,"column":40},"end":{"line":22,"column":66}},"17":{"start":{"line":24,"column":47},"end":{"line":24,"column":80}},"18":{"start":{"line":25,"column":45},"end":{"line":25,"column":76}},"19":{"start":{"line":26,"column":42},"end":{"line":26,"column":70}},"20":{"start":{"line":28,"column":34},"end":{"line":28,"column":54}},"21":{"start":{"line":29,"column":34},"end":{"line":29,"column":54}},"22":{"start":{"line":30,"column":37},"end":{"line":30,"column":60}},"23":{"start":{"line":31,"column":37},"end":{"line":31,"column":60}},"24":{"start":{"line":33,"column":41},"end":{"line":33,"column":68}},"25":{"start":{"line":34,"column":41},"end":{"line":34,"column":68}},"26":{"start":{"line":36,"column":30},"end":{"line":36,"column":46}},"27":{"start":{"line":37,"column":33},"end":{"line":37,"column":52}},"28":{"start":{"line":38,"column":30},"end":{"line":38,"column":46}},"29":{"start":{"line":40,"column":34},"end":{"line":40,"column":54}},"30":{"start":{"line":41,"column":35},"end":{"line":41,"column":56}},"31":{"start":{"line":43,"column":36},"end":{"line":43,"column":58}},"32":{"start":{"line":44,"column":24},"end":{"line":44,"column":34}},"33":{"start":{"line":45,"column":35},"end":{"line":45,"column":56}},"34":{"start":{"line":46,"column":32},"end":{"line":46,"column":50}}},"fnMap":{},"branchMap":{},"s":{"0":12,"1":12,"2":12,"3":12,"4":12,"5":12,"6":12,"7":12,"8":12,"9":12,"10":12,"11":12,"12":12,"13":12,"14":12,"15":12,"16":12,"17":12,"18":12,"19":12,"20":12,"21":12,"22":12,"23":12,"24":12,"25":12,"26":12,"27":12,"28":12,"29":12,"30":12,"31":12,"32":12,"33":12,"34":12},"f":{},"b":{},"_coverageSchema":"332fd63041d2c1bcb487cc26dd0d5f7d97098a6c","hash":"887b53a1bf1b77c2a794f233e1224d196ddbd995"}
,"/Users/iinoyouhei/Documents/git/dotstamp_ansible/project/dotstamp_client/src/js/contribution/actions/form.js": {"path":"/Users/iinoyouhei/Documents/git/dotstamp_ansible/project/dotstamp_client/src/js/contribution/actions/form.js","statementMap":{"0":{"start":{"line":13,"column":4},"end":{"line":19,"column":5}},"1":{"start":{"line":32,"column":4},"end":{"line":38,"column":5}},"2":{"start":{"line":48,"column":4},"end":{"line":51,"column":5}},"3":{"start":{"line":61,"column":4},"end":{"line":64,"column":5}},"4":{"start":{"line":74,"column":4},"end":{"line":77,"column":5}},"5":{"start":{"line":87,"column":4},"end":{"line":90,"column":5}},"6":{"start":{"line":100,"column":4},"end":{"line":103,"column":5}}},"fnMap":{"0":{"name":"addBody","decl":{"start":{"line":12,"column":16},"end":{"line":12,"column":23}},"loc":{"start":{"line":12,"column":66},"end":{"line":20,"column":1}}},"1":{"name":"editBody","decl":{"start":{"line":31,"column":16},"end":{"line":31,"column":24}},"loc":{"start":{"line":31,"column":67},"end":{"line":39,"column":1}}},"2":{"name":"changeCharacter","decl":{"start":{"line":47,"column":16},"end":{"line":47,"column":31}},"loc":{"start":{"line":47,"column":43},"end":{"line":52,"column":1}}},"3":{"name":"changeBody","decl":{"start":{"line":60,"column":16},"end":{"line":60,"column":26}},"loc":{"start":{"line":60,"column":33},"end":{"line":65,"column":1}}},"4":{"name":"changeTitle","decl":{"start":{"line":73,"column":16},"end":{"line":73,"column":27}},"loc":{"start":{"line":73,"column":35},"end":{"line":78,"column":1}}},"5":{"name":"changeTag","decl":{"start":{"line":86,"column":16},"end":{"line":86,"column":25}},"loc":{"start":{"line":86,"column":31},"end":{"line":91,"column":1}}},"6":{"name":"changeHeight","decl":{"start":{"line":99,"column":16},"end":{"line":99,"column":28}},"loc":{"start":{"line":99,"column":37},"end":{"line":104,"column":1}}}},"branchMap":{},"s":{"0":1,"1":1,"2":1,"3":1,"4":1,"5":1,"6":0},"f":{"0":1,"1":1,"2":1,"3":1,"4":1,"5":1,"6":0},"b":{},"_coverageSchema":"332fd63041d2c1bcb487cc26dd0d5f7d97098a6c","hash":"3398fc6eab4ed20dfc09812a590fdfcf5a893584"}
,"/Users/iinoyouhei/Documents/git/dotstamp_ansible/project/dotstamp_client/src/js/contribution/actions/list.js": {"path":"/Users/iinoyouhei/Documents/git/dotstamp_ansible/project/dotstamp_client/src/js/contribution/actions/list.js","statementMap":{"0":{"start":{"line":9,"column":4},"end":{"line":9,"column":51}},"1":{"start":{"line":19,"column":4},"end":{"line":19,"column":62}}},"fnMap":{"0":{"name":"next","decl":{"start":{"line":8,"column":16},"end":{"line":8,"column":20}},"loc":{"start":{"line":8,"column":23},"end":{"line":10,"column":1}}},"1":{"name":"deleteItem","decl":{"start":{"line":18,"column":16},"end":{"line":18,"column":26}},"loc":{"start":{"line":18,"column":31},"end":{"line":20,"column":1}}}},"branchMap":{},"s":{"0":1,"1":1},"f":{"0":1,"1":1},"b":{},"_coverageSchema":"332fd63041d2c1bcb487cc26dd0d5f7d97098a6c","hash":"cd77e3b78a8eaf6e3a2753610260480b9449aaed"}
,"/Users/iinoyouhei/Documents/git/dotstamp_ansible/project/dotstamp_client/src/js/contribution/actions/talk.js": {"path":"/Users/iinoyouhei/Documents/git/dotstamp_ansible/project/dotstamp_client/src/js/contribution/actions/talk.js","statementMap":{"0":{"start":{"line":4,"column":30},"end":{"line":4,"column":31}},"1":{"start":{"line":6,"column":31},"end":{"line":6,"column":32}},"2":{"start":{"line":9,"column":30},"end":{"line":9,"column":31}},"3":{"start":{"line":11,"column":31},"end":{"line":11,"column":32}},"4":{"start":{"line":24,"column":4},"end":{"line":31,"column":5}},"5":{"start":{"line":41,"column":4},"end":{"line":44,"column":5}},"6":{"start":{"line":54,"column":4},"end":{"line":57,"column":5}}},"fnMap":{"0":{"name":"setEditBody","decl":{"start":{"line":23,"column":16},"end":{"line":23,"column":27}},"loc":{"start":{"line":23,"column":80},"end":{"line":32,"column":1}}},"1":{"name":"deleteBody","decl":{"start":{"line":40,"column":16},"end":{"line":40,"column":26}},"loc":{"start":{"line":40,"column":37},"end":{"line":45,"column":1}}},"2":{"name":"setTalkList","decl":{"start":{"line":53,"column":16},"end":{"line":53,"column":27}},"loc":{"start":{"line":53,"column":38},"end":{"line":58,"column":1}}}},"branchMap":{},"s":{"0":2,"1":2,"2":2,"3":2,"4":0,"5":0,"6":0},"f":{"0":0,"1":0,"2":0},"b":{},"_coverageSchema":"332fd63041d2c1bcb487cc26dd0d5f7d97098a6c","hash":"dce9499e08512db29ffae80a9a7380e9782a0681"}
,"/Users/iinoyouhei/Documents/git/dotstamp_ansible/project/dotstamp_client/src/js/contribution/components/list.js": {"path":"/Users/iinoyouhei/Documents/git/dotstamp_ansible/project/dotstamp_client/src/js/contribution/components/list.js","statementMap":{"0":{"start":{"line":13,"column":24},"end":{"line":13,"column":26}},"1":{"start":{"line":17,"column":8},"end":{"line":17,"column":26}},"2":{"start":{"line":25,"column":21},"end":{"line":27,"column":9}},"3":{"start":{"line":29,"column":8},"end":{"line":29,"column":42}},"4":{"start":{"line":36,"column":8},"end":{"line":36,"column":27}},"5":{"start":{"line":45,"column":8},"end":{"line":45,"column":41}},"6":{"start":{"line":54,"column":8},"end":{"line":69,"column":9}},"7":{"start":{"line":55,"column":23},"end":{"line":55,"column":66}},"8":{"start":{"line":56,"column":12},"end":{"line":68,"column":13}},"9":{"start":{"line":64,"column":62},"end":{"line":64,"column":91}},"10":{"start":{"line":71,"column":8},"end":{"line":78,"column":9}},"11":{"start":{"line":74,"column":58},"end":{"line":74,"column":84}},"12":{"start":{"line":87,"column":8},"end":{"line":112,"column":9}},"13":{"start":{"line":122,"column":8},"end":{"line":126,"column":9}},"14":{"start":{"line":123,"column":12},"end":{"line":125,"column":13}},"15":{"start":{"line":127,"column":8},"end":{"line":135,"column":9}},"16":{"start":{"line":130,"column":20},"end":{"line":132,"column":27}},"17":{"start":{"line":143,"column":19},"end":{"line":143,"column":51}},"18":{"start":{"line":144,"column":8},"end":{"line":146,"column":9}},"19":{"start":{"line":145,"column":12},"end":{"line":145,"column":21}},"20":{"start":{"line":148,"column":20},"end":{"line":148,"column":57}},"21":{"start":{"line":149,"column":8},"end":{"line":151,"column":9}},"22":{"start":{"line":150,"column":12},"end":{"line":150,"column":21}},"23":{"start":{"line":153,"column":23},"end":{"line":153,"column":62}},"24":{"start":{"line":154,"column":22},"end":{"line":154,"column":58}},"25":{"start":{"line":155,"column":22},"end":{"line":155,"column":68}},"26":{"start":{"line":156,"column":8},"end":{"line":159,"column":9}},"27":{"start":{"line":157,"column":12},"end":{"line":157,"column":26}},"28":{"start":{"line":158,"column":12},"end":{"line":158,"column":24}},"29":{"start":{"line":162,"column":8},"end":{"line":174,"column":9}},"30":{"start":{"line":163,"column":12},"end":{"line":167,"column":13}},"31":{"start":{"line":164,"column":39},"end":{"line":164,"column":50}},"32":{"start":{"line":169,"column":12},"end":{"line":173,"column":13}},"33":{"start":{"line":176,"column":19},"end":{"line":176,"column":23}},"34":{"start":{"line":177,"column":8},"end":{"line":179,"column":9}},"35":{"start":{"line":178,"column":12},"end":{"line":178,"column":54}},"36":{"start":{"line":178,"column":30},"end":{"line":178,"column":47}},"37":{"start":{"line":181,"column":8},"end":{"line":204,"column":9}},"38":{"start":{"line":208,"column":0},"end":{"line":214,"column":1}}},"fnMap":{"0":{"name":"(anonymous_0)","decl":{"start":{"line":16,"column":4},"end":{"line":16,"column":5}},"loc":{"start":{"line":16,"column":25},"end":{"line":18,"column":5}}},"1":{"name":"(anonymous_1)","decl":{"start":{"line":24,"column":4},"end":{"line":24,"column":5}},"loc":{"start":{"line":24,"column":18},"end":{"line":30,"column":5}}},"2":{"name":"(anonymous_2)","decl":{"start":{"line":35,"column":4},"end":{"line":35,"column":5}},"loc":{"start":{"line":35,"column":11},"end":{"line":37,"column":5}}},"3":{"name":"(anonymous_3)","decl":{"start":{"line":44,"column":4},"end":{"line":44,"column":5}},"loc":{"start":{"line":44,"column":20},"end":{"line":46,"column":5}}},"4":{"name":"(anonymous_4)","decl":{"start":{"line":53,"column":4},"end":{"line":53,"column":5}},"loc":{"start":{"line":53,"column":21},"end":{"line":79,"column":5}}},"5":{"name":"(anonymous_5)","decl":{"start":{"line":64,"column":56},"end":{"line":64,"column":57}},"loc":{"start":{"line":64,"column":62},"end":{"line":64,"column":91}}},"6":{"name":"(anonymous_6)","decl":{"start":{"line":74,"column":52},"end":{"line":74,"column":53}},"loc":{"start":{"line":74,"column":58},"end":{"line":74,"column":84}}},"7":{"name":"(anonymous_7)","decl":{"start":{"line":86,"column":4},"end":{"line":86,"column":5}},"loc":{"start":{"line":86,"column":17},"end":{"line":113,"column":5}}},"8":{"name":"(anonymous_8)","decl":{"start":{"line":121,"column":4},"end":{"line":121,"column":5}},"loc":{"start":{"line":121,"column":28},"end":{"line":136,"column":5}}},"9":{"name":"(anonymous_9)","decl":{"start":{"line":129,"column":26},"end":{"line":129,"column":27}},"loc":{"start":{"line":130,"column":20},"end":{"line":132,"column":27}}},"10":{"name":"(anonymous_10)","decl":{"start":{"line":142,"column":4},"end":{"line":142,"column":5}},"loc":{"start":{"line":142,"column":13},"end":{"line":205,"column":5}}},"11":{"name":"(anonymous_11)","decl":{"start":{"line":164,"column":33},"end":{"line":164,"column":34}},"loc":{"start":{"line":164,"column":39},"end":{"line":164,"column":50}}},"12":{"name":"(anonymous_12)","decl":{"start":{"line":178,"column":23},"end":{"line":178,"column":24}},"loc":{"start":{"line":178,"column":29},"end":{"line":178,"column":48}}}},"branchMap":{"0":{"loc":{"start":{"line":54,"column":8},"end":{"line":69,"column":9}},"type":"if","locations":[{"start":{"line":54,"column":8},"end":{"line":69,"column":9}},{"start":{"line":54,"column":8},"end":{"line":69,"column":9}}]},"1":{"loc":{"start":{"line":122,"column":8},"end":{"line":126,"column":9}},"type":"if","locations":[{"start":{"line":122,"column":8},"end":{"line":126,"column":9}},{"start":{"line":122,"column":8},"end":{"line":126,"column":9}}]},"2":{"loc":{"start":{"line":144,"column":8},"end":{"line":146,"column":9}},"type":"if","locations":[{"start":{"line":144,"column":8},"end":{"line":146,"column":9}},{"start":{"line":144,"column":8},"end":{"line":146,"column":9}}]},"3":{"loc":{"start":{"line":149,"column":8},"end":{"line":151,"column":9}},"type":"if","locations":[{"start":{"line":149,"column":8},"end":{"line":151,"column":9}},{"start":{"line":149,"column":8},"end":{"line":151,"column":9}}]},"4":{"loc":{"start":{"line":156,"column":8},"end":{"line":159,"column":9}},"type":"if","locations":[{"start":{"line":156,"column":8},"end":{"line":159,"column":9}},{"start":{"line":156,"column":8},"end":{"line":159,"column":9}}]},"5":{"loc":{"start":{"line":162,"column":8},"end":{"line":174,"column":9}},"type":"if","locations":[{"start":{"line":162,"column":8},"end":{"line":174,"column":9}},{"start":{"line":162,"column":8},"end":{"line":174,"column":9}}]},"6":{"loc":{"start":{"line":177,"column":8},"end":{"line":179,"column":9}},"type":"if","locations":[{"start":{"line":177,"column":8},"end":{"line":179,"column":9}},{"start":{"line":177,"column":8},"end":{"line":179,"column":9}}]}},"s":{"0":1,"1":1,"2":1,"3":1,"4":0,"5":1,"6":1,"7":0,"8":0,"9":0,"10":1,"11":1,"12":1,"13":2,"14":1,"15":1,"16":1,"17":1,"18":1,"19":0,"20":1,"21":1,"22":1,"23":1,"24":1,"25":1,"26":1,"27":1,"28":1,"29":1,"30":0,"31":0,"32":1,"33":1,"34":1,"35":1,"36":0,"37":1,"38":1},"f":{"0":1,"1":1,"2":0,"3":1,"4":1,"5":0,"6":1,"7":1,"8":2,"9":1,"10":1,"11":0,"12":0},"b":{"0":[0,1],"1":[1,1],"2":[0,1],"3":[1,0],"4":[1,0],"5":[0,1],"6":[1,0]},"_coverageSchema":"332fd63041d2c1bcb487cc26dd0d5f7d97098a6c","hash":"1b15029f2373dab04288152aca8af69273b2c491"}
,"/Users/iinoyouhei/Documents/git/dotstamp_ansible/project/dotstamp_client/src/js/contribution/components/show/frame.js": {"path":"/Users/iinoyouhei/Documents/git/dotstamp_ansible/project/dotstamp_client/src/js/contribution/components/show/frame.js","statementMap":{"0":{"start":{"line":14,"column":19},"end":{"line":14,"column":34}},"1":{"start":{"line":15,"column":8},"end":{"line":17,"column":9}},"2":{"start":{"line":16,"column":12},"end":{"line":16,"column":21}},"3":{"start":{"line":19,"column":22},"end":{"line":19,"column":40}},"4":{"start":{"line":20,"column":8},"end":{"line":22,"column":9}},"5":{"start":{"line":21,"column":12},"end":{"line":21,"column":24}},"6":{"start":{"line":24,"column":8},"end":{"line":44,"column":9}},"7":{"start":{"line":41,"column":39},"end":{"line":41,"column":105}},"8":{"start":{"line":48,"column":0},"end":{"line":52,"column":1}}},"fnMap":{"0":{"name":"(anonymous_0)","decl":{"start":{"line":13,"column":4},"end":{"line":13,"column":5}},"loc":{"start":{"line":13,"column":13},"end":{"line":45,"column":5}}},"1":{"name":"(anonymous_1)","decl":{"start":{"line":41,"column":30},"end":{"line":41,"column":31}},"loc":{"start":{"line":41,"column":39},"end":{"line":41,"column":105}}}},"branchMap":{"0":{"loc":{"start":{"line":15,"column":8},"end":{"line":17,"column":9}},"type":"if","locations":[{"start":{"line":15,"column":8},"end":{"line":17,"column":9}},{"start":{"line":15,"column":8},"end":{"line":17,"column":9}}]},"1":{"loc":{"start":{"line":20,"column":8},"end":{"line":22,"column":9}},"type":"if","locations":[{"start":{"line":20,"column":8},"end":{"line":22,"column":9}},{"start":{"line":20,"column":8},"end":{"line":22,"column":9}}]}},"s":{"0":0,"1":0,"2":0,"3":0,"4":0,"5":0,"6":0,"7":0,"8":1},"f":{"0":0,"1":0},"b":{"0":[0,0],"1":[0,0]},"_coverageSchema":"332fd63041d2c1bcb487cc26dd0d5f7d97098a6c","hash":"c2b4c01a303ac9587d976d2ca3c75a42aad6b5ae"}
,"/Users/iinoyouhei/Documents/git/dotstamp_ansible/project/dotstamp_client/src/js/contribution/components/talk/main.js": {"path":"/Users/iinoyouhei/Documents/git/dotstamp_ansible/project/dotstamp_client/src/js/contribution/components/talk/main.js","statementMap":{"0":{"start":{"line":19,"column":23},"end":{"line":19,"column":46}},"1":{"start":{"line":21,"column":24},"end":{"line":21,"column":106}},"2":{"start":{"line":23,"column":8},"end":{"line":37,"column":9}},"3":{"start":{"line":46,"column":8},"end":{"line":50,"column":9}},"4":{"start":{"line":60,"column":8},"end":{"line":64,"column":9}},"5":{"start":{"line":61,"column":12},"end":{"line":61,"column":98}},"6":{"start":{"line":63,"column":12},"end":{"line":63,"column":43}},"7":{"start":{"line":66,"column":8},"end":{"line":66,"column":19}},"8":{"start":{"line":75,"column":8},"end":{"line":77,"column":9}},"9":{"start":{"line":76,"column":12},"end":{"line":76,"column":18}},"10":{"start":{"line":79,"column":8},"end":{"line":90,"column":9}},"11":{"start":{"line":82,"column":43},"end":{"line":82,"column":65}},"12":{"start":{"line":85,"column":43},"end":{"line":85,"column":73}},"13":{"start":{"line":99,"column":20},"end":{"line":99,"column":27}},"14":{"start":{"line":100,"column":8},"end":{"line":106,"column":10}},"15":{"start":{"line":101,"column":12},"end":{"line":105,"column":13}},"16":{"start":{"line":102,"column":16},"end":{"line":102,"column":37}},"17":{"start":{"line":104,"column":16},"end":{"line":104,"column":27}},"18":{"start":{"line":115,"column":8},"end":{"line":115,"column":39}},"19":{"start":{"line":123,"column":8},"end":{"line":123,"column":107}},"20":{"start":{"line":131,"column":8},"end":{"line":135,"column":9}},"21":{"start":{"line":139,"column":0},"end":{"line":144,"column":1}}},"fnMap":{"0":{"name":"(anonymous_0)","decl":{"start":{"line":18,"column":4},"end":{"line":18,"column":5}},"loc":{"start":{"line":18,"column":32},"end":{"line":38,"column":5}}},"1":{"name":"(anonymous_1)","decl":{"start":{"line":45,"column":4},"end":{"line":45,"column":5}},"loc":{"start":{"line":45,"column":19},"end":{"line":51,"column":5}}},"2":{"name":"(anonymous_2)","decl":{"start":{"line":58,"column":4},"end":{"line":58,"column":5}},"loc":{"start":{"line":58,"column":25},"end":{"line":67,"column":5}}},"3":{"name":"(anonymous_3)","decl":{"start":{"line":74,"column":4},"end":{"line":74,"column":5}},"loc":{"start":{"line":74,"column":23},"end":{"line":91,"column":5}}},"4":{"name":"(anonymous_4)","decl":{"start":{"line":82,"column":37},"end":{"line":82,"column":38}},"loc":{"start":{"line":82,"column":43},"end":{"line":82,"column":65}}},"5":{"name":"(anonymous_5)","decl":{"start":{"line":85,"column":37},"end":{"line":85,"column":38}},"loc":{"start":{"line":85,"column":43},"end":{"line":85,"column":73}}},"6":{"name":"(anonymous_6)","decl":{"start":{"line":98,"column":4},"end":{"line":98,"column":5}},"loc":{"start":{"line":98,"column":20},"end":{"line":107,"column":5}}},"7":{"name":"(anonymous_7)","decl":{"start":{"line":100,"column":37},"end":{"line":100,"column":38}},"loc":{"start":{"line":100,"column":56},"end":{"line":106,"column":9}}},"8":{"name":"(anonymous_8)","decl":{"start":{"line":113,"column":4},"end":{"line":113,"column":5}},"loc":{"start":{"line":113,"column":26},"end":{"line":116,"column":5}}},"9":{"name":"(anonymous_9)","decl":{"start":{"line":122,"column":4},"end":{"line":122,"column":5}},"loc":{"start":{"line":122,"column":23},"end":{"line":124,"column":5}}},"10":{"name":"(anonymous_10)","decl":{"start":{"line":130,"column":4},"end":{"line":130,"column":5}},"loc":{"start":{"line":130,"column":14},"end":{"line":136,"column":5}}}},"branchMap":{"0":{"loc":{"start":{"line":60,"column":8},"end":{"line":64,"column":9}},"type":"if","locations":[{"start":{"line":60,"column":8},"end":{"line":64,"column":9}},{"start":{"line":60,"column":8},"end":{"line":64,"column":9}}]},"1":{"loc":{"start":{"line":75,"column":8},"end":{"line":77,"column":9}},"type":"if","locations":[{"start":{"line":75,"column":8},"end":{"line":77,"column":9}},{"start":{"line":75,"column":8},"end":{"line":77,"column":9}}]},"2":{"loc":{"start":{"line":101,"column":12},"end":{"line":105,"column":13}},"type":"if","locations":[{"start":{"line":101,"column":12},"end":{"line":105,"column":13}},{"start":{"line":101,"column":12},"end":{"line":105,"column":13}}]}},"s":{"0":0,"1":0,"2":0,"3":0,"4":0,"5":0,"6":0,"7":0,"8":0,"9":0,"10":0,"11":0,"12":0,"13":0,"14":0,"15":0,"16":0,"17":0,"18":0,"19":0,"20":0,"21":1},"f":{"0":0,"1":0,"2":0,"3":0,"4":0,"5":0,"6":0,"7":0,"8":0,"9":0,"10":0},"b":{"0":[0,0],"1":[0,0],"2":[0,0]},"_coverageSchema":"332fd63041d2c1bcb487cc26dd0d5f7d97098a6c","hash":"0207339e55c30b3d4b3fd2cab0b706c04469bb7c"}
,"/Users/iinoyouhei/Documents/git/dotstamp_ansible/project/dotstamp_client/src/js/contribution/containers/talk/main.js": {"path":"/Users/iinoyouhei/Documents/git/dotstamp_ansible/project/dotstamp_client/src/js/contribution/containers/talk/main.js","statementMap":{"0":{"start":{"line":6,"column":4},"end":{"line":6,"column":16}},"1":{"start":{"line":10,"column":4},"end":{"line":17,"column":5}},"2":{"start":{"line":12,"column":12},"end":{"line":12,"column":81}},"3":{"start":{"line":15,"column":12},"end":{"line":15,"column":42}}},"fnMap":{"0":{"name":"mapStateToProps","decl":{"start":{"line":5,"column":9},"end":{"line":5,"column":24}},"loc":{"start":{"line":5,"column":33},"end":{"line":7,"column":1}}},"1":{"name":"mapDispatchToProps","decl":{"start":{"line":9,"column":9},"end":{"line":9,"column":27}},"loc":{"start":{"line":9,"column":39},"end":{"line":18,"column":1}}},"2":{"name":"(anonymous_2)","decl":{"start":{"line":11,"column":21},"end":{"line":11,"column":22}},"loc":{"start":{"line":11,"column":73},"end":{"line":13,"column":9}}},"3":{"name":"(anonymous_3)","decl":{"start":{"line":14,"column":20},"end":{"line":14,"column":21}},"loc":{"start":{"line":14,"column":34},"end":{"line":16,"column":9}}}},"branchMap":{},"s":{"0":0,"1":0,"2":0,"3":0},"f":{"0":0,"1":0,"2":0,"3":0},"b":{},"_coverageSchema":"332fd63041d2c1bcb487cc26dd0d5f7d97098a6c","hash":"2036442d4f6bfbc1ee5dc2b800d941a0f8ef574f"}
,"/Users/iinoyouhei/Documents/git/dotstamp_ansible/project/dotstamp_client/src/js/contribution/reducers/edit.js": {"path":"/Users/iinoyouhei/Documents/git/dotstamp_ansible/project/dotstamp_client/src/js/contribution/reducers/edit.js","statementMap":{"0":{"start":{"line":4,"column":21},"end":{"line":9,"column":1}},"1":{"start":{"line":12,"column":4},"end":{"line":22,"column":5}},"2":{"start":{"line":14,"column":8},"end":{"line":14,"column":37}},"3":{"start":{"line":15,"column":8},"end":{"line":15,"column":43}},"4":{"start":{"line":16,"column":8},"end":{"line":16,"column":41}},"5":{"start":{"line":17,"column":8},"end":{"line":17,"column":43}},"6":{"start":{"line":19,"column":8},"end":{"line":19,"column":48}},"7":{"start":{"line":21,"column":8},"end":{"line":21,"column":20}}},"fnMap":{"0":{"name":"Edit","decl":{"start":{"line":11,"column":24},"end":{"line":11,"column":28}},"loc":{"start":{"line":11,"column":59},"end":{"line":23,"column":1}}}},"branchMap":{"0":{"loc":{"start":{"line":11,"column":29},"end":{"line":11,"column":49}},"type":"default-arg","locations":[{"start":{"line":11,"column":37},"end":{"line":11,"column":49}}]},"1":{"loc":{"start":{"line":12,"column":4},"end":{"line":22,"column":5}},"type":"switch","locations":[{"start":{"line":13,"column":4},"end":{"line":19,"column":48}},{"start":{"line":20,"column":4},"end":{"line":21,"column":20}}]}},"s":{"0":1,"1":1,"2":1,"3":1,"4":1,"5":1,"6":1,"7":0},"f":{"0":1},"b":{"0":[1],"1":[1,0]},"_coverageSchema":"332fd63041d2c1bcb487cc26dd0d5f7d97098a6c","hash":"52bddc5eb83d30010e7f616b8147042b496ac836"}
,"/Users/iinoyouhei/Documents/git/dotstamp_ansible/project/dotstamp_client/src/js/contribution/reducers/form.js": {"path":"/Users/iinoyouhei/Documents/git/dotstamp_ansible/project/dotstamp_client/src/js/contribution/reducers/form.js","statementMap":{"0":{"start":{"line":5,"column":21},"end":{"line":18,"column":1}},"1":{"start":{"line":20,"column":34},"end":{"line":22,"column":1}},"2":{"start":{"line":25,"column":4},"end":{"line":30,"column":5}},"3":{"start":{"line":26,"column":8},"end":{"line":26,"column":32}},"4":{"start":{"line":27,"column":8},"end":{"line":27,"column":23}},"5":{"start":{"line":29,"column":8},"end":{"line":29,"column":33}},"6":{"start":{"line":32,"column":4},"end":{"line":100,"column":5}},"7":{"start":{"line":34,"column":8},"end":{"line":34,"column":26}},"8":{"start":{"line":35,"column":8},"end":{"line":35,"column":23}},"9":{"start":{"line":36,"column":8},"end":{"line":36,"column":29}},"10":{"start":{"line":38,"column":8},"end":{"line":38,"column":48}},"11":{"start":{"line":41,"column":8},"end":{"line":41,"column":42}},"12":{"start":{"line":43,"column":8},"end":{"line":43,"column":48}},"13":{"start":{"line":46,"column":8},"end":{"line":48,"column":9}},"14":{"start":{"line":47,"column":12},"end":{"line":47,"column":54}},"15":{"start":{"line":50,"column":8},"end":{"line":50,"column":48}},"16":{"start":{"line":53,"column":8},"end":{"line":53,"column":32}},"17":{"start":{"line":55,"column":8},"end":{"line":55,"column":48}},"18":{"start":{"line":58,"column":8},"end":{"line":58,"column":26}},"19":{"start":{"line":59,"column":8},"end":{"line":59,"column":23}},"20":{"start":{"line":60,"column":8},"end":{"line":60,"column":29}},"21":{"start":{"line":62,"column":8},"end":{"line":62,"column":48}},"22":{"start":{"line":65,"column":8},"end":{"line":65,"column":34}},"23":{"start":{"line":67,"column":8},"end":{"line":67,"column":48}},"24":{"start":{"line":70,"column":8},"end":{"line":70,"column":30}},"25":{"start":{"line":72,"column":8},"end":{"line":72,"column":48}},"26":{"start":{"line":75,"column":8},"end":{"line":75,"column":25}},"27":{"start":{"line":76,"column":8},"end":{"line":76,"column":32}},"28":{"start":{"line":77,"column":8},"end":{"line":77,"column":40}},"29":{"start":{"line":78,"column":8},"end":{"line":78,"column":50}},"30":{"start":{"line":79,"column":8},"end":{"line":79,"column":42}},"31":{"start":{"line":81,"column":8},"end":{"line":81,"column":48}},"32":{"start":{"line":84,"column":8},"end":{"line":84,"column":43}},"33":{"start":{"line":85,"column":8},"end":{"line":85,"column":43}},"34":{"start":{"line":87,"column":8},"end":{"line":87,"column":48}},"35":{"start":{"line":90,"column":8},"end":{"line":90,"column":36}},"36":{"start":{"line":92,"column":8},"end":{"line":92,"column":48}},"37":{"start":{"line":95,"column":8},"end":{"line":95,"column":65}},"38":{"start":{"line":96,"column":8},"end":{"line":96,"column":48}},"39":{"start":{"line":99,"column":8},"end":{"line":99,"column":20}}},"fnMap":{"0":{"name":"Form","decl":{"start":{"line":24,"column":24},"end":{"line":24,"column":28}},"loc":{"start":{"line":24,"column":61},"end":{"line":101,"column":1}}}},"branchMap":{"0":{"loc":{"start":{"line":24,"column":30},"end":{"line":24,"column":50}},"type":"default-arg","locations":[{"start":{"line":24,"column":38},"end":{"line":24,"column":50}}]},"1":{"loc":{"start":{"line":25,"column":4},"end":{"line":30,"column":5}},"type":"if","locations":[{"start":{"line":25,"column":4},"end":{"line":30,"column":5}},{"start":{"line":25,"column":4},"end":{"line":30,"column":5}}]},"2":{"loc":{"start":{"line":32,"column":4},"end":{"line":100,"column":5}},"type":"switch","locations":[{"start":{"line":33,"column":4},"end":{"line":39,"column":5}},{"start":{"line":40,"column":4},"end":{"line":44,"column":5}},{"start":{"line":45,"column":4},"end":{"line":51,"column":5}},{"start":{"line":52,"column":4},"end":{"line":56,"column":5}},{"start":{"line":57,"column":4},"end":{"line":63,"column":5}},{"start":{"line":64,"column":4},"end":{"line":68,"column":5}},{"start":{"line":69,"column":4},"end":{"line":73,"column":5}},{"start":{"line":74,"column":4},"end":{"line":82,"column":5}},{"start":{"line":83,"column":4},"end":{"line":88,"column":5}},{"start":{"line":89,"column":4},"end":{"line":93,"column":5}},{"start":{"line":94,"column":4},"end":{"line":97,"column":5}},{"start":{"line":98,"column":4},"end":{"line":99,"column":20}}]},"3":{"loc":{"start":{"line":46,"column":8},"end":{"line":48,"column":9}},"type":"if","locations":[{"start":{"line":46,"column":8},"end":{"line":48,"column":9}},{"start":{"line":46,"column":8},"end":{"line":48,"column":9}}]}},"s":{"0":1,"1":1,"2":1,"3":0,"4":0,"5":1,"6":1,"7":1,"8":1,"9":1,"10":1,"11":0,"12":0,"13":0,"14":0,"15":0,"16":0,"17":0,"18":0,"19":0,"20":0,"21":0,"22":0,"23":0,"24":0,"25":0,"26":0,"27":0,"28":0,"29":0,"30":0,"31":0,"32":0,"33":0,"34":0,"35":0,"36":0,"37":0,"38":0,"39":0},"f":{"0":1},"b":{"0":[1],"1":[0,1],"2":[1,0,0,0,0,0,0,0,0,0,0,0],"3":[0,0]},"_coverageSchema":"332fd63041d2c1bcb487cc26dd0d5f7d97098a6c","hash":"da1f2edceab2adabc9f592def9a149f2af31495a"}
,"/Users/iinoyouhei/Documents/git/dotstamp_ansible/project/dotstamp_client/src/js/contribution/reducers/list.js": {"path":"/Users/iinoyouhei/Documents/git/dotstamp_ansible/project/dotstamp_client/src/js/contribution/reducers/list.js","statementMap":{"0":{"start":{"line":4,"column":21},"end":{"line":10,"column":1}},"1":{"start":{"line":13,"column":4},"end":{"line":51,"column":5}},"2":{"start":{"line":15,"column":8},"end":{"line":15,"column":36}},"3":{"start":{"line":17,"column":8},"end":{"line":17,"column":21}},"4":{"start":{"line":19,"column":8},"end":{"line":19,"column":26}},"5":{"start":{"line":20,"column":8},"end":{"line":22,"column":9}},"6":{"start":{"line":21,"column":12},"end":{"line":21,"column":29}},"7":{"start":{"line":23,"column":8},"end":{"line":23,"column":45}},"8":{"start":{"line":25,"column":8},"end":{"line":25,"column":48}},"9":{"start":{"line":28,"column":8},"end":{"line":28,"column":25}},"10":{"start":{"line":30,"column":8},"end":{"line":30,"column":48}},"11":{"start":{"line":33,"column":23},"end":{"line":33,"column":38}},"12":{"start":{"line":34,"column":8},"end":{"line":38,"column":9}},"13":{"start":{"line":40,"column":8},"end":{"line":40,"column":48}},"14":{"start":{"line":43,"column":8},"end":{"line":45,"column":9}},"15":{"start":{"line":44,"column":12},"end":{"line":44,"column":43}},"16":{"start":{"line":47,"column":8},"end":{"line":47,"column":48}},"17":{"start":{"line":50,"column":8},"end":{"line":50,"column":20}}},"fnMap":{"0":{"name":"List","decl":{"start":{"line":12,"column":24},"end":{"line":12,"column":28}},"loc":{"start":{"line":12,"column":60},"end":{"line":52,"column":1}}}},"branchMap":{"0":{"loc":{"start":{"line":12,"column":30},"end":{"line":12,"column":50}},"type":"default-arg","locations":[{"start":{"line":12,"column":38},"end":{"line":12,"column":50}}]},"1":{"loc":{"start":{"line":13,"column":4},"end":{"line":51,"column":5}},"type":"switch","locations":[{"start":{"line":14,"column":4},"end":{"line":26,"column":5}},{"start":{"line":27,"column":4},"end":{"line":31,"column":5}},{"start":{"line":32,"column":4},"end":{"line":41,"column":5}},{"start":{"line":42,"column":4},"end":{"line":48,"column":5}},{"start":{"line":49,"column":4},"end":{"line":50,"column":20}}]},"2":{"loc":{"start":{"line":20,"column":8},"end":{"line":22,"column":9}},"type":"if","locations":[{"start":{"line":20,"column":8},"end":{"line":22,"column":9}},{"start":{"line":20,"column":8},"end":{"line":22,"column":9}}]},"3":{"loc":{"start":{"line":43,"column":8},"end":{"line":45,"column":9}},"type":"if","locations":[{"start":{"line":43,"column":8},"end":{"line":45,"column":9}},{"start":{"line":43,"column":8},"end":{"line":45,"column":9}}]}},"s":{"0":1,"1":3,"2":1,"3":1,"4":1,"5":1,"6":1,"7":1,"8":1,"9":0,"10":0,"11":1,"12":1,"13":1,"14":1,"15":1,"16":1,"17":0},"f":{"0":3},"b":{"0":[3],"1":[1,0,1,1,0],"2":[1,0],"3":[1,0]},"_coverageSchema":"332fd63041d2c1bcb487cc26dd0d5f7d97098a6c","hash":"2dfc85ef8fe61c4397a28dbb768717242ad58597"}
,"/Users/iinoyouhei/Documents/git/dotstamp_ansible/project/dotstamp_client/src/js/user/actions/contributionList.js": {"path":"/Users/iinoyouhei/Documents/git/dotstamp_ansible/project/dotstamp_client/src/js/user/actions/contributionList.js","statementMap":{"0":{"start":{"line":10,"column":4},"end":{"line":13,"column":5}}},"fnMap":{"0":{"name":"setContribution","decl":{"start":{"line":9,"column":16},"end":{"line":9,"column":31}},"loc":{"start":{"line":9,"column":48},"end":{"line":14,"column":1}}}},"branchMap":{},"s":{"0":1},"f":{"0":1},"b":{},"_coverageSchema":"332fd63041d2c1bcb487cc26dd0d5f7d97098a6c","hash":"58d04c88e135187bdf15dc9d5902305db369d566"}
,"/Users/iinoyouhei/Documents/git/dotstamp_ansible/project/dotstamp_client/src/js/user/actions/mypage.js": {"path":"/Users/iinoyouhei/Documents/git/dotstamp_ansible/project/dotstamp_client/src/js/user/actions/mypage.js","statementMap":{"0":{"start":{"line":10,"column":4},"end":{"line":13,"column":5}}},"fnMap":{"0":{"name":"changeUserName","decl":{"start":{"line":9,"column":16},"end":{"line":9,"column":30}},"loc":{"start":{"line":9,"column":37},"end":{"line":14,"column":1}}}},"branchMap":{},"s":{"0":1},"f":{"0":1},"b":{},"_coverageSchema":"332fd63041d2c1bcb487cc26dd0d5f7d97098a6c","hash":"e887f16313d1b7a7fe9e0b9998e0297b1b3c5e72"}
,"/Users/iinoyouhei/Documents/git/dotstamp_ansible/project/dotstamp_client/src/js/user/components/mypage.js": {"path":"/Users/iinoyouhei/Documents/git/dotstamp_ansible/project/dotstamp_client/src/js/user/components/mypage.js","statementMap":{"0":{"start":{"line":10,"column":8},"end":{"line":10,"column":22}},"1":{"start":{"line":14,"column":8},"end":{"line":14,"column":28}},"2":{"start":{"line":22,"column":23},"end":{"line":22,"column":37}},"3":{"start":{"line":23,"column":8},"end":{"line":23,"column":38}},"4":{"start":{"line":31,"column":23},"end":{"line":31,"column":37}},"5":{"start":{"line":32,"column":8},"end":{"line":32,"column":44}},"6":{"start":{"line":34,"column":8},"end":{"line":34,"column":35}},"7":{"start":{"line":40,"column":8},"end":{"line":40,"column":59}},"8":{"start":{"line":48,"column":8},"end":{"line":117,"column":9}},"9":{"start":{"line":121,"column":0},"end":{"line":126,"column":1}}},"fnMap":{"0":{"name":"(anonymous_0)","decl":{"start":{"line":9,"column":4},"end":{"line":9,"column":5}},"loc":{"start":{"line":9,"column":25},"end":{"line":12,"column":5}}},"1":{"name":"(anonymous_1)","decl":{"start":{"line":13,"column":4},"end":{"line":13,"column":5}},"loc":{"start":{"line":13,"column":14},"end":{"line":15,"column":5}}},"2":{"name":"(anonymous_2)","decl":{"start":{"line":21,"column":4},"end":{"line":21,"column":5}},"loc":{"start":{"line":21,"column":24},"end":{"line":24,"column":5}}},"3":{"name":"(anonymous_3)","decl":{"start":{"line":30,"column":4},"end":{"line":30,"column":5}},"loc":{"start":{"line":30,"column":25},"end":{"line":35,"column":5}}},"4":{"name":"(anonymous_4)","decl":{"start":{"line":39,"column":4},"end":{"line":39,"column":5}},"loc":{"start":{"line":39,"column":21},"end":{"line":41,"column":5}}},"5":{"name":"(anonymous_5)","decl":{"start":{"line":47,"column":4},"end":{"line":47,"column":5}},"loc":{"start":{"line":47,"column":13},"end":{"line":118,"column":5}}}},"branchMap":{},"s":{"0":1,"1":1,"2":0,"3":0,"4":0,"5":0,"6":0,"7":0,"8":1,"9":1},"f":{"0":1,"1":1,"2":0,"3":0,"4":0,"5":1},"b":{},"_coverageSchema":"332fd63041d2c1bcb487cc26dd0d5f7d97098a6c","hash":"da916436c78f483703d67d827af054f95c4028f1"}
,"/Users/iinoyouhei/Documents/git/dotstamp_ansible/project/dotstamp_client/src/js/user/reducers/contributionList.js": {"path":"/Users/iinoyouhei/Documents/git/dotstamp_ansible/project/dotstamp_client/src/js/user/reducers/contributionList.js","statementMap":{"0":{"start":{"line":4,"column":21},"end":{"line":7,"column":1}},"1":{"start":{"line":10,"column":4},"end":{"line":26,"column":5}},"2":{"start":{"line":12,"column":8},"end":{"line":12,"column":36}},"3":{"start":{"line":13,"column":8},"end":{"line":15,"column":9}},"4":{"start":{"line":14,"column":12},"end":{"line":14,"column":51}},"5":{"start":{"line":17,"column":8},"end":{"line":17,"column":48}},"6":{"start":{"line":20,"column":8},"end":{"line":20,"column":52}},"7":{"start":{"line":22,"column":8},"end":{"line":22,"column":48}},"8":{"start":{"line":25,"column":8},"end":{"line":25,"column":20}}},"fnMap":{"0":{"name":"ContributionList","decl":{"start":{"line":9,"column":24},"end":{"line":9,"column":40}},"loc":{"start":{"line":9,"column":73},"end":{"line":27,"column":1}}}},"branchMap":{"0":{"loc":{"start":{"line":9,"column":42},"end":{"line":9,"column":62}},"type":"default-arg","locations":[{"start":{"line":9,"column":50},"end":{"line":9,"column":62}}]},"1":{"loc":{"start":{"line":10,"column":4},"end":{"line":26,"column":5}},"type":"switch","locations":[{"start":{"line":11,"column":4},"end":{"line":18,"column":5}},{"start":{"line":19,"column":4},"end":{"line":23,"column":5}},{"start":{"line":24,"column":4},"end":{"line":25,"column":20}}]},"2":{"loc":{"start":{"line":13,"column":8},"end":{"line":15,"column":9}},"type":"if","locations":[{"start":{"line":13,"column":8},"end":{"line":15,"column":9}},{"start":{"line":13,"column":8},"end":{"line":15,"column":9}}]},"3":{"loc":{"start":{"line":13,"column":12},"end":{"line":13,"column":62}},"type":"binary-expr","locations":[{"start":{"line":13,"column":12},"end":{"line":13,"column":37}},{"start":{"line":13,"column":41},"end":{"line":13,"column":62}}]}},"s":{"0":1,"1":1,"2":1,"3":1,"4":1,"5":1,"6":0,"7":0,"8":0},"f":{"0":1},"b":{"0":[1],"1":[1,0,0],"2":[1,0],"3":[1,1]},"_coverageSchema":"332fd63041d2c1bcb487cc26dd0d5f7d97098a6c","hash":"13fa5ae5d88e878d8e5242865aaea2cdd2009440"}
,"/Users/iinoyouhei/Documents/git/dotstamp_ansible/project/dotstamp_client/src/js/user/reducers/mypage.js": {"path":"/Users/iinoyouhei/Documents/git/dotstamp_ansible/project/dotstamp_client/src/js/user/reducers/mypage.js","statementMap":{"0":{"start":{"line":4,"column":21},"end":{"line":11,"column":1}},"1":{"start":{"line":14,"column":4},"end":{"line":28,"column":5}},"2":{"start":{"line":16,"column":8},"end":{"line":19,"column":10}},"3":{"start":{"line":22,"column":8},"end":{"line":22,"column":37}},"4":{"start":{"line":24,"column":8},"end":{"line":24,"column":48}},"5":{"start":{"line":27,"column":8},"end":{"line":27,"column":20}}},"fnMap":{"0":{"name":"Mypage","decl":{"start":{"line":13,"column":24},"end":{"line":13,"column":30}},"loc":{"start":{"line":13,"column":63},"end":{"line":29,"column":1}}}},"branchMap":{"0":{"loc":{"start":{"line":13,"column":32},"end":{"line":13,"column":52}},"type":"default-arg","locations":[{"start":{"line":13,"column":40},"end":{"line":13,"column":52}}]},"1":{"loc":{"start":{"line":14,"column":4},"end":{"line":28,"column":5}},"type":"switch","locations":[{"start":{"line":15,"column":4},"end":{"line":20,"column":5}},{"start":{"line":21,"column":4},"end":{"line":25,"column":5}},{"start":{"line":26,"column":4},"end":{"line":27,"column":20}}]}},"s":{"0":1,"1":2,"2":1,"3":1,"4":1,"5":0},"f":{"0":2},"b":{"0":[2],"1":[1,1,0]},"_coverageSchema":"332fd63041d2c1bcb487cc26dd0d5f7d97098a6c","hash":"e30fc4def62b18f438dc55b7c78dea6206c0cf95"}
,"/Users/iinoyouhei/Documents/git/dotstamp_ansible/project/dotstamp_client/src/js/utils/image.js": {"path":"/Users/iinoyouhei/Documents/git/dotstamp_ansible/project/dotstamp_client/src/js/utils/image.js","statementMap":{"0":{"start":{"line":14,"column":39},"end":{"line":14,"column":40}},"1":{"start":{"line":15,"column":45},"end":{"line":15,"column":46}},"2":{"start":{"line":16,"column":44},"end":{"line":16,"column":45}},"3":{"start":{"line":17,"column":49},"end":{"line":17,"column":50}},"4":{"start":{"line":18,"column":49},"end":{"line":18,"column":50}},"5":{"start":{"line":19,"column":49},"end":{"line":19,"column":50}},"6":{"start":{"line":20,"column":39},"end":{"line":20,"column":40}},"7":{"start":{"line":26,"column":8},"end":{"line":26,"column":33}},"8":{"start":{"line":28,"column":8},"end":{"line":35,"column":9}},"9":{"start":{"line":30,"column":16},"end":{"line":30,"column":49}},"10":{"start":{"line":36,"column":8},"end":{"line":43,"column":9}},"11":{"start":{"line":38,"column":16},"end":{"line":38,"column":59}},"12":{"start":{"line":44,"column":8},"end":{"line":53,"column":9}},"13":{"start":{"line":46,"column":16},"end":{"line":46,"column":64}},"14":{"start":{"line":54,"column":8},"end":{"line":61,"column":9}},"15":{"start":{"line":56,"column":16},"end":{"line":56,"column":64}},"16":{"start":{"line":62,"column":8},"end":{"line":71,"column":9}},"17":{"start":{"line":64,"column":16},"end":{"line":64,"column":64}},"18":{"start":{"line":72,"column":8},"end":{"line":79,"column":9}},"19":{"start":{"line":74,"column":16},"end":{"line":74,"column":64}},"20":{"start":{"line":80,"column":8},"end":{"line":87,"column":9}},"21":{"start":{"line":82,"column":16},"end":{"line":82,"column":59}},"22":{"start":{"line":97,"column":8},"end":{"line":97,"column":47}},"23":{"start":{"line":106,"column":8},"end":{"line":106,"column":36}},"24":{"start":{"line":114,"column":22},"end":{"line":114,"column":71}},"25":{"start":{"line":116,"column":8},"end":{"line":118,"column":9}},"26":{"start":{"line":126,"column":8},"end":{"line":128,"column":9}},"27":{"start":{"line":132,"column":0},"end":{"line":136,"column":1}},"28":{"start":{"line":138,"column":0},"end":{"line":140,"column":1}}},"fnMap":{"0":{"name":"(anonymous_0)","decl":{"start":{"line":25,"column":4},"end":{"line":25,"column":5}},"loc":{"start":{"line":25,"column":26},"end":{"line":88,"column":5}}},"1":{"name":"(anonymous_1)","decl":{"start":{"line":29,"column":17},"end":{"line":29,"column":18}},"loc":{"start":{"line":29,"column":31},"end":{"line":31,"column":13}}},"2":{"name":"(anonymous_2)","decl":{"start":{"line":37,"column":17},"end":{"line":37,"column":18}},"loc":{"start":{"line":37,"column":31},"end":{"line":39,"column":13}}},"3":{"name":"(anonymous_3)","decl":{"start":{"line":45,"column":17},"end":{"line":45,"column":18}},"loc":{"start":{"line":45,"column":31},"end":{"line":47,"column":13}}},"4":{"name":"(anonymous_4)","decl":{"start":{"line":55,"column":17},"end":{"line":55,"column":18}},"loc":{"start":{"line":55,"column":31},"end":{"line":57,"column":13}}},"5":{"name":"(anonymous_5)","decl":{"start":{"line":63,"column":17},"end":{"line":63,"column":18}},"loc":{"start":{"line":63,"column":31},"end":{"line":65,"column":13}}},"6":{"name":"(anonymous_6)","decl":{"start":{"line":73,"column":17},"end":{"line":73,"column":18}},"loc":{"start":{"line":73,"column":31},"end":{"line":75,"column":13}}},"7":{"name":"(anonymous_7)","decl":{"start":{"line":81,"column":17},"end":{"line":81,"column":18}},"loc":{"start":{"line":81,"column":31},"end":{"line":83,"column":13}}},"8":{"name":"(anonymous_8)","decl":{"start":{"line":96,"column":4},"end":{"line":96,"column":5}},"loc":{"start":{"line":96,"column":37},"end":{"line":98,"column":5}}},"9":{"name":"(anonymous_9)","decl":{"start":{"line":105,"column":4},"end":{"line":105,"column":5}},"loc":{"start":{"line":105,"column":27},"end":{"line":107,"column":5}}},"10":{"name":"(anonymous_10)","decl":{"start":{"line":113,"column":4},"end":{"line":113,"column":5}},"loc":{"start":{"line":113,"column":14},"end":{"line":119,"column":5}}},"11":{"name":"(anonymous_11)","decl":{"start":{"line":125,"column":4},"end":{"line":125,"column":5}},"loc":{"start":{"line":125,"column":14},"end":{"line":129,"column":5}}}},"branchMap":{},"s":{"0":4,"1":4,"2":4,"3":4,"4":4,"5":4,"6":4,"7":0,"8":0,"9":0,"10":0,"11":0,"12":0,"13":0,"14":0,"15":0,"16":0,"17":0,"18":0,"19":0,"20":0,"21":0,"22":0,"23":0,"24":0,"25":0,"26":0,"27":4,"28":4},"f":{"0":0,"1":0,"2":0,"3":0,"4":0,"5":0,"6":0,"7":0,"8":0,"9":0,"10":0,"11":0},"b":{},"_coverageSchema":"332fd63041d2c1bcb487cc26dd0d5f7d97098a6c","hash":"ba9acd0dc881c03e7cbed5db98665ae3a6121775"}
,"/Users/iinoyouhei/Documents/git/dotstamp_ansible/project/dotstamp_client/src/js/utils/parts/footer.js": {"path":"/Users/iinoyouhei/Documents/git/dotstamp_ansible/project/dotstamp_client/src/js/utils/parts/footer.js","statementMap":{"0":{"start":{"line":13,"column":8},"end":{"line":27,"column":9}}},"fnMap":{"0":{"name":"(anonymous_0)","decl":{"start":{"line":12,"column":4},"end":{"line":12,"column":5}},"loc":{"start":{"line":12,"column":14},"end":{"line":28,"column":5}}}},"branchMap":{},"s":{"0":0},"f":{"0":0},"b":{},"_coverageSchema":"332fd63041d2c1bcb487cc26dd0d5f7d97098a6c","hash":"823b1f765390c37b722ae94e3d88165a705d6df4"}
,"/Users/iinoyouhei/Documents/git/dotstamp_ansible/project/dotstamp_client/src/js/utils/parts/icon.js": {"path":"/Users/iinoyouhei/Documents/git/dotstamp_ansible/project/dotstamp_client/src/js/utils/parts/icon.js","statementMap":{"0":{"start":{"line":4,"column":25},"end":{"line":4,"column":26}},"1":{"start":{"line":13,"column":8},"end":{"line":17,"column":9}},"2":{"start":{"line":14,"column":12},"end":{"line":16,"column":13}},"3":{"start":{"line":19,"column":23},"end":{"line":19,"column":50}},"4":{"start":{"line":21,"column":8},"end":{"line":23,"column":9}},"5":{"start":{"line":31,"column":8},"end":{"line":35,"column":9}},"6":{"start":{"line":39,"column":0},"end":{"line":41,"column":1}}},"fnMap":{"0":{"name":"(anonymous_0)","decl":{"start":{"line":12,"column":4},"end":{"line":12,"column":5}},"loc":{"start":{"line":12,"column":15},"end":{"line":24,"column":5}}},"1":{"name":"(anonymous_1)","decl":{"start":{"line":30,"column":4},"end":{"line":30,"column":5}},"loc":{"start":{"line":30,"column":14},"end":{"line":36,"column":5}}}},"branchMap":{"0":{"loc":{"start":{"line":13,"column":8},"end":{"line":17,"column":9}},"type":"if","locations":[{"start":{"line":13,"column":8},"end":{"line":17,"column":9}},{"start":{"line":13,"column":8},"end":{"line":17,"column":9}}]}},"s":{"0":2,"1":2,"2":1,"3":1,"4":1,"5":2,"6":2},"f":{"0":2,"1":2},"b":{"0":[1,1]},"_coverageSchema":"332fd63041d2c1bcb487cc26dd0d5f7d97098a6c","hash":"3004b3c942340c18e80528b7d920a9ef0f22cde4"}
,"/Users/iinoyouhei/Documents/git/dotstamp_ansible/project/dotstamp_client/src/js/utils/parts/tag.js": {"path":"/Users/iinoyouhei/Documents/git/dotstamp_ansible/project/dotstamp_client/src/js/utils/parts/tag.js","statementMap":{"0":{"start":{"line":9,"column":8},"end":{"line":13,"column":9}},"1":{"start":{"line":21,"column":19},"end":{"line":21,"column":34}},"2":{"start":{"line":22,"column":8},"end":{"line":30,"column":9}},"3":{"start":{"line":25,"column":20},"end":{"line":27,"column":27}},"4":{"start":{"line":34,"column":0},"end":{"line":36,"column":1}}},"fnMap":{"0":{"name":"(anonymous_0)","decl":{"start":{"line":8,"column":4},"end":{"line":8,"column":5}},"loc":{"start":{"line":8,"column":18},"end":{"line":14,"column":5}}},"1":{"name":"(anonymous_1)","decl":{"start":{"line":20,"column":4},"end":{"line":20,"column":5}},"loc":{"start":{"line":20,"column":14},"end":{"line":31,"column":5}}},"2":{"name":"(anonymous_2)","decl":{"start":{"line":24,"column":26},"end":{"line":24,"column":27}},"loc":{"start":{"line":25,"column":20},"end":{"line":27,"column":27}}}},"branchMap":{},"s":{"0":0,"1":0,"2":0,"3":0,"4":1},"f":{"0":0,"1":0,"2":0},"b":{},"_coverageSchema":"332fd63041d2c1bcb487cc26dd0d5f7d97098a6c","hash":"a47fa0a6611c883f57a97ec2e50dd26636e24f7f"}
}
