TN:
SF:/Users/iinoyouhei/Documents/git/dotstamp_ansible/project/dotstamp_client/src/js/character/actions/list.js
FN:8,setIcon
FNF:1
FNH:1
FNDA:1,setIcon
DA:9,1
LF:1
LH:1
BRF:0
BRH:0
end_of_record
TN:
SF:/Users/iinoyouhei/Documents/git/dotstamp_ansible/project/dotstamp_client/src/js/character/reducers/list.js
FN:23,getSelectIconState
FN:38,List
FNF:2
FNH:2
FNDA:1,getSelectIconState
FNDA:1,List
DA:5,1
DA:24,1
DA:25,1
DA:26,1
DA:27,1
DA:33,1
DA:35,1
DA:39,1
DA:42,1
DA:43,0
DA:46,1
DA:47,1
DA:48,1
DA:49,1
DA:52,1
DA:53,1
DA:56,1
DA:57,1
DA:60,1
DA:63,0
DA:65,0
DA:68,0
LF:22
LH:18
BRDA:26,0,0,1
BRDA:26,0,1,0
BRDA:38,1,0,1
BRDA:39,2,0,0
BRDA:39,2,1,1
BRDA:39,2,2,0
BRDA:39,2,3,0
BRDA:42,3,0,0
BRDA:42,3,1,1
BRDA:56,4,0,1
BRDA:56,4,1,0
BRF:11
BRH:5
end_of_record
TN:
SF:/Users/iinoyouhei/Documents/git/dotstamp_ansible/project/dotstamp_client/src/js/constants/ActionTypes.js
FNF:0
FNH:0
DA:3,12
DA:4,12
DA:5,12
DA:6,12
DA:8,12
DA:10,12
DA:11,12
DA:12,12
DA:13,12
DA:14,12
DA:15,12
DA:16,12
DA:17,12
DA:18,12
DA:19,12
DA:21,12
DA:22,12
DA:24,12
DA:25,12
DA:26,12
DA:28,12
DA:29,12
DA:30,12
DA:31,12
DA:33,12
DA:34,12
DA:36,12
DA:37,12
DA:38,12
DA:40,12
DA:41,12
DA:43,12
DA:44,12
DA:45,12
DA:46,12
LF:35
LH:35
BRF:0
BRH:0
end_of_record
TN:
SF:/Users/iinoyouhei/Documents/git/dotstamp_ansible/project/dotstamp_client/src/js/contribution/actions/form.js
FN:12,addBody
FN:31,editBody
FN:47,changeCharacter
FN:60,changeBody
FN:73,changeTitle
FN:86,changeTag
FN:99,changeHeight
FNF:7
FNH:6
FNDA:1,addBody
FNDA:1,editBody
FNDA:1,changeCharacter
FNDA:1,changeBody
FNDA:1,changeTitle
FNDA:1,changeTag
FNDA:0,changeHeight
DA:13,1
DA:32,1
DA:48,1
DA:61,1
DA:74,1
DA:87,1
DA:100,0
LF:7
LH:6
BRF:0
BRH:0
end_of_record
TN:
SF:/Users/iinoyouhei/Documents/git/dotstamp_ansible/project/dotstamp_client/src/js/contribution/actions/list.js
FN:8,next
FN:18,deleteItem
FNF:2
FNH:2
FNDA:1,next
FNDA:1,deleteItem
DA:9,1
DA:19,1
LF:2
LH:2
BRF:0
BRH:0
end_of_record
TN:
SF:/Users/iinoyouhei/Documents/git/dotstamp_ansible/project/dotstamp_client/src/js/contribution/actions/talk.js
FN:23,setEditBody
FN:40,deleteBody
FN:53,setTalkList
FNF:3
FNH:0
FNDA:0,setEditBody
FNDA:0,deleteBody
FNDA:0,setTalkList
DA:4,2
DA:6,2
DA:9,2
DA:11,2
DA:24,0
DA:41,0
DA:54,0
LF:7
LH:4
BRF:0
BRH:0
end_of_record
TN:
SF:/Users/iinoyouhei/Documents/git/dotstamp_ansible/project/dotstamp_client/src/js/contribution/components/list.js
FN:16,(anonymous_0)
FN:24,(anonymous_1)
FN:35,(anonymous_2)
FN:44,(anonymous_3)
FN:53,(anonymous_4)
FN:64,(anonymous_5)
FN:74,(anonymous_6)
FN:86,(anonymous_7)
FN:121,(anonymous_8)
FN:129,(anonymous_9)
FN:142,(anonymous_10)
FN:164,(anonymous_11)
FN:178,(anonymous_12)
FNF:13
FNH:9
FNDA:1,(anonymous_0)
FNDA:1,(anonymous_1)
FNDA:0,(anonymous_2)
FNDA:1,(anonymous_3)
FNDA:1,(anonymous_4)
FNDA:0,(anonymous_5)
FNDA:1,(anonymous_6)
FNDA:1,(anonymous_7)
FNDA:2,(anonymous_8)
FNDA:1,(anonymous_9)
FNDA:1,(anonymous_10)
FNDA:0,(anonymous_11)
FNDA:0,(anonymous_12)
DA:13,1
DA:17,1
DA:25,1
DA:29,1
DA:36,0
DA:45,1
DA:54,1
DA:55,0
DA:56,0
DA:64,0
DA:71,1
DA:74,1
DA:87,1
DA:122,2
DA:123,1
DA:127,1
DA:130,1
DA:143,1
DA:144,1
DA:145,0
DA:148,1
DA:149,1
DA:150,1
DA:153,1
DA:154,1
DA:155,1
DA:156,1
DA:157,1
DA:158,1
DA:162,1
DA:163,0
DA:164,0
DA:169,1
DA:176,1
DA:177,1
DA:178,1
DA:181,1
DA:208,1
LF:38
LH:31
BRDA:54,0,0,0
BRDA:54,0,1,1
BRDA:122,1,0,1
BRDA:122,1,1,1
BRDA:144,2,0,0
BRDA:144,2,1,1
BRDA:149,3,0,1
BRDA:149,3,1,0
BRDA:156,4,0,1
BRDA:156,4,1,0
BRDA:162,5,0,0
BRDA:162,5,1,1
BRDA:177,6,0,1
BRDA:177,6,1,0
BRF:14
BRH:8
end_of_record
TN:
SF:/Users/iinoyouhei/Documents/git/dotstamp_ansible/project/dotstamp_client/src/js/contribution/components/show/frame.js
FN:13,(anonymous_0)
FN:41,(anonymous_1)
FNF:2
FNH:0
FNDA:0,(anonymous_0)
FNDA:0,(anonymous_1)
DA:14,0
DA:15,0
DA:16,0
DA:19,0
DA:20,0
DA:21,0
DA:24,0
DA:41,0
DA:48,1
LF:9
LH:1
BRDA:15,0,0,0
BRDA:15,0,1,0
BRDA:20,1,0,0
BRDA:20,1,1,0
BRF:4
BRH:0
end_of_record
TN:
SF:/Users/iinoyouhei/Documents/git/dotstamp_ansible/project/dotstamp_client/src/js/contribution/components/talk/main.js
FN:18,(anonymous_0)
FN:45,(anonymous_1)
FN:58,(anonymous_2)
FN:74,(anonymous_3)
FN:82,(anonymous_4)
FN:85,(anonymous_5)
FN:98,(anonymous_6)
FN:100,(anonymous_7)
FN:113,(anonymous_8)
FN:122,(anonymous_9)
FN:130,(anonymous_10)
FNF:11
FNH:0
FNDA:0,(anonymous_0)
FNDA:0,(anonymous_1)
FNDA:0,(anonymous_2)
FNDA:0,(anonymous_3)
FNDA:0,(anonymous_4)
FNDA:0,(anonymous_5)
FNDA:0,(anonymous_6)
FNDA:0,(anonymous_7)
FNDA:0,(anonymous_8)
FNDA:0,(anonymous_9)
FNDA:0,(anonymous_10)
DA:19,0
DA:21,0
DA:23,0
DA:46,0
DA:60,0
DA:61,0
DA:63,0
DA:66,0
DA:75,0
DA:76,0
DA:79,0
DA:82,0
DA:85,0
DA:99,0
DA:100,0
DA:101,0
DA:102,0
DA:104,0
DA:115,0
DA:123,0
DA:131,0
DA:139,1
LF:22
LH:1
BRDA:60,0,0,0
BRDA:60,0,1,0
BRDA:75,1,0,0
BRDA:75,1,1,0
BRDA:101,2,0,0
BRDA:101,2,1,0
BRF:6
BRH:0
end_of_record
TN:
SF:/Users/iinoyouhei/Documents/git/dotstamp_ansible/project/dotstamp_client/src/js/contribution/containers/talk/main.js
FN:5,mapStateToProps
FN:9,mapDispatchToProps
FN:11,(anonymous_2)
FN:14,(anonymous_3)
FNF:4
FNH:0
FNDA:0,mapStateToProps
FNDA:0,mapDispatchToProps
FNDA:0,(anonymous_2)
FNDA:0,(anonymous_3)
DA:6,0
DA:10,0
DA:12,0
DA:15,0
LF:4
LH:0
BRF:0
BRH:0
end_of_record
TN:
SF:/Users/iinoyouhei/Documents/git/dotstamp_ansible/project/dotstamp_client/src/js/contribution/reducers/edit.js
FN:11,Edit
FNF:1
FNH:1
FNDA:1,Edit
DA:4,1
DA:12,1
DA:14,1
DA:15,1
DA:16,1
DA:17,1
DA:19,1
DA:21,0
LF:8
LH:7
BRDA:11,0,0,1
BRDA:12,1,0,1
BRDA:12,1,1,0
BRF:3
BRH:2
end_of_record
TN:
SF:/Users/iinoyouhei/Documents/git/dotstamp_ansible/project/dotstamp_client/src/js/contribution/reducers/form.js
FN:24,Form
FNF:1
FNH:1
FNDA:1,Form
DA:5,1
DA:20,1
DA:25,1
DA:26,0
DA:27,0
DA:29,1
DA:32,1
DA:34,1
DA:35,1
DA:36,1
DA:38,1
DA:41,0
DA:43,0
DA:46,0
DA:47,0
DA:50,0
DA:53,0
DA:55,0
DA:58,0
DA:59,0
DA:60,0
DA:62,0
DA:65,0
DA:67,0
DA:70,0
DA:72,0
DA:75,0
DA:76,0
DA:77,0
DA:78,0
DA:79,0
DA:81,0
DA:84,0
DA:85,0
DA:87,0
DA:90,0
DA:92,0
DA:95,0
DA:96,0
DA:99,0
LF:40
LH:9
BRDA:24,0,0,1
BRDA:25,1,0,0
BRDA:25,1,1,1
BRDA:32,2,0,1
BRDA:32,2,1,0
BRDA:32,2,2,0
BRDA:32,2,3,0
BRDA:32,2,4,0
BRDA:32,2,5,0
BRDA:32,2,6,0
BRDA:32,2,7,0
BRDA:32,2,8,0
BRDA:32,2,9,0
BRDA:32,2,10,0
BRDA:32,2,11,0
BRDA:46,3,0,0
BRDA:46,3,1,0
BRF:17
BRH:3
end_of_record
TN:
SF:/Users/iinoyouhei/Documents/git/dotstamp_ansible/project/dotstamp_client/src/js/contribution/reducers/list.js
FN:12,List
FNF:1
FNH:1
FNDA:3,List
DA:4,1
DA:13,3
DA:15,1
DA:17,1
DA:19,1
DA:20,1
DA:21,1
DA:23,1
DA:25,1
DA:28,0
DA:30,0
DA:33,1
DA:34,1
DA:40,1
DA:43,1
DA:44,1
DA:47,1
DA:50,0
LF:18
LH:15
BRDA:12,0,0,3
BRDA:13,1,0,1
BRDA:13,1,1,0
BRDA:13,1,2,1
BRDA:13,1,3,1
BRDA:13,1,4,0
BRDA:20,2,0,1
BRDA:20,2,1,0
BRDA:43,3,0,1
BRDA:43,3,1,0
BRF:10
BRH:6
end_of_record
TN:
SF:/Users/iinoyouhei/Documents/git/dotstamp_ansible/project/dotstamp_client/src/js/user/actions/contributionList.js
FN:9,setContribution
FNF:1
FNH:1
FNDA:1,setContribution
DA:10,1
LF:1
LH:1
BRF:0
BRH:0
end_of_record
TN:
SF:/Users/iinoyouhei/Documents/git/dotstamp_ansible/project/dotstamp_client/src/js/user/actions/mypage.js
FN:9,changeUserName
FNF:1
FNH:1
FNDA:1,changeUserName
DA:10,1
LF:1
LH:1
BRF:0
BRH:0
end_of_record
TN:
SF:/Users/iinoyouhei/Documents/git/dotstamp_ansible/project/dotstamp_client/src/js/user/components/mypage.js
FN:9,(anonymous_0)
FN:13,(anonymous_1)
FN:21,(anonymous_2)
FN:30,(anonymous_3)
FN:39,(anonymous_4)
FN:47,(anonymous_5)
FNF:6
FNH:3
FNDA:1,(anonymous_0)
FNDA:1,(anonymous_1)
FNDA:0,(anonymous_2)
FNDA:0,(anonymous_3)
FNDA:0,(anonymous_4)
FNDA:1,(anonymous_5)
DA:10,1
DA:14,1
DA:22,0
DA:23,0
DA:31,0
DA:32,0
DA:34,0
DA:40,0
DA:48,1
DA:121,1
LF:10
LH:4
BRF:0
BRH:0
end_of_record
TN:
SF:/Users/iinoyouhei/Documents/git/dotstamp_ansible/project/dotstamp_client/src/js/user/reducers/contributionList.js
FN:9,ContributionList
FNF:1
FNH:1
FNDA:1,ContributionList
DA:4,1
DA:10,1
DA:12,1
DA:13,1
DA:14,1
DA:17,1
DA:20,0
DA:22,0
DA:25,0
LF:9
LH:6
BRDA:9,0,0,1
BRDA:10,1,0,1
BRDA:10,1,1,0
BRDA:10,1,2,0
BRDA:13,2,0,1
BRDA:13,2,1,0
BRDA:13,3,0,1
BRDA:13,3,1,1
BRF:8
BRH:5
end_of_record
TN:
SF:/Users/iinoyouhei/Documents/git/dotstamp_ansible/project/dotstamp_client/src/js/user/reducers/mypage.js
FN:13,Mypage
FNF:1
FNH:1
FNDA:2,Mypage
DA:4,1
DA:14,2
DA:16,1
DA:22,1
DA:24,1
DA:27,0
LF:6
LH:5
BRDA:13,0,0,2
BRDA:14,1,0,1
BRDA:14,1,1,1
BRDA:14,1,2,0
BRF:4
BRH:3
end_of_record
TN:
SF:/Users/iinoyouhei/Documents/git/dotstamp_ansible/project/dotstamp_client/src/js/utils/image.js
FN:25,(anonymous_0)
FN:29,(anonymous_1)
FN:37,(anonymous_2)
FN:45,(anonymous_3)
FN:55,(anonymous_4)
FN:63,(anonymous_5)
FN:73,(anonymous_6)
FN:81,(anonymous_7)
FN:96,(anonymous_8)
FN:105,(anonymous_9)
FN:113,(anonymous_10)
FN:125,(anonymous_11)
FNF:12
FNH:0
FNDA:0,(anonymous_0)
FNDA:0,(anonymous_1)
FNDA:0,(anonymous_2)
FNDA:0,(anonymous_3)
FNDA:0,(anonymous_4)
FNDA:0,(anonymous_5)
FNDA:0,(anonymous_6)
FNDA:0,(anonymous_7)
FNDA:0,(anonymous_8)
FNDA:0,(anonymous_9)
FNDA:0,(anonymous_10)
FNDA:0,(anonymous_11)
DA:14,4
DA:15,4
DA:16,4
DA:17,4
DA:18,4
DA:19,4
DA:20,4
DA:26,0
DA:28,0
DA:30,0
DA:36,0
DA:38,0
DA:44,0
DA:46,0
DA:54,0
DA:56,0
DA:62,0
DA:64,0
DA:72,0
DA:74,0
DA:80,0
DA:82,0
DA:97,0
DA:106,0
DA:114,0
DA:116,0
DA:126,0
DA:132,4
DA:138,4
LF:29
LH:9
BRF:0
BRH:0
end_of_record
TN:
SF:/Users/iinoyouhei/Documents/git/dotstamp_ansible/project/dotstamp_client/src/js/utils/parts/footer.js
FN:12,(anonymous_0)
FNF:1
FNH:0
FNDA:0,(anonymous_0)
DA:13,0
LF:1
LH:0
BRF:0
BRH:0
end_of_record
TN:
SF:/Users/iinoyouhei/Documents/git/dotstamp_ansible/project/dotstamp_client/src/js/utils/parts/icon.js
FN:12,(anonymous_0)
FN:30,(anonymous_1)
FNF:2
FNH:2
FNDA:2,(anonymous_0)
FNDA:2,(anonymous_1)
DA:4,2
DA:13,2
DA:14,1
DA:19,1
DA:21,1
DA:31,2
DA:39,2
LF:7
LH:7
BRDA:13,0,0,1
BRDA:13,0,1,1
BRF:2
BRH:2
end_of_record
TN:
SF:/Users/iinoyouhei/Documents/git/dotstamp_ansible/project/dotstamp_client/src/js/utils/parts/tag.js
FN:8,(anonymous_0)
FN:20,(anonymous_1)
FN:24,(anonymous_2)
FNF:3
FNH:0
FNDA:0,(anonymous_0)
FNDA:0,(anonymous_1)
FNDA:0,(anonymous_2)
DA:9,0
DA:21,0
DA:22,0
DA:25,0
DA:34,1
LF:5
LH:1
BRF:0
BRH:0
end_of_record
